<?xml version="1.0" encoding="UTF-8"?>
<testsuite xmlns:xsi="http://www.w3.org/2001/XMLSchema-instance" xsi:noNamespaceSchemaLocation="https://maven.apache.org/surefire/maven-surefire-plugin/xsd/surefire-test-report.xsd" version="3.0.2" name="com.se300.ledger.complete.CompleteTest" time="3.392" tests="26" errors="0" skipped="0" failures="0">
  <properties>
    <property name="java.specification.version" value="21"/>
    <property name="sun.jnu.encoding" value="UTF-8"/>
    <property name="java.class.path" value="/Users/gosha04/Documents/CPSC_Courses/SE/se300-assignment2/target/test-classes:/Users/gosha04/Documents/CPSC_Courses/SE/se300-assignment2/target/classes:/Users/gosha04/.m2/repository/org/hsqldb/hsqldb/2.7.1/hsqldb-2.7.1.jar:/Users/gosha04/.m2/repository/org/assertj/assertj-core/3.24.2/assertj-core-3.24.2.jar:/Users/gosha04/.m2/repository/org/junit/jupiter/junit-jupiter-params/5.13.4/junit-jupiter-params-5.13.4.jar:/Users/gosha04/.m2/repository/org/apiguardian/apiguardian-api/1.1.2/apiguardian-api-1.1.2.jar:/Users/gosha04/.m2/repository/org/mockito/mockito-core/5.20.0/mockito-core-5.20.0.jar:/Users/gosha04/.m2/repository/org/objenesis/objenesis/3.3/objenesis-3.3.jar:/Users/gosha04/.m2/repository/org/mockito/mockito-inline/5.2.0/mockito-inline-5.2.0.jar:/Users/gosha04/.m2/repository/org/junit/jupiter/junit-jupiter-api/5.13.4/junit-jupiter-api-5.13.4.jar:/Users/gosha04/.m2/repository/org/opentest4j/opentest4j/1.3.0/opentest4j-1.3.0.jar:/Users/gosha04/.m2/repository/org/junit/platform/junit-platform-commons/1.13.4/junit-platform-commons-1.13.4.jar:/Users/gosha04/.m2/repository/org/junit/jupiter/junit-jupiter-engine/5.13.4/junit-jupiter-engine-5.13.4.jar:/Users/gosha04/.m2/repository/org/junit/platform/junit-platform-engine/1.13.4/junit-platform-engine-1.13.4.jar:/Users/gosha04/.m2/repository/org/apache/maven/plugins/maven-project-info-reports-plugin/3.4.5/maven-project-info-reports-plugin-3.4.5.jar:/Users/gosha04/.m2/repository/org/apache/maven/reporting/maven-reporting-api/3.1.1/maven-reporting-api-3.1.1.jar:/Users/gosha04/.m2/repository/org/apache/maven/reporting/maven-reporting-impl/3.2.0/maven-reporting-impl-3.2.0.jar:/Users/gosha04/.m2/repository/org/apache/maven/maven-artifact/3.1.0/maven-artifact-3.1.0.jar:/Users/gosha04/.m2/repository/org/apache/maven/maven-plugin-api/3.1.0/maven-plugin-api-3.1.0.jar:/Users/gosha04/.m2/repository/org/eclipse/sisu/org.eclipse.sisu.plexus/0.0.0.M2a/org.eclipse.sisu.plexus-0.0.0.M2a.jar:/Users/gosha04/.m2/repository/javax/enterprise/cdi-api/1.0/cdi-api-1.0.jar:/Users/gosha04/.m2/repository/javax/annotation/jsr250-api/1.0/jsr250-api-1.0.jar:/Users/gosha04/.m2/repository/com/google/guava/guava/10.0.1/guava-10.0.1.jar:/Users/gosha04/.m2/repository/com/google/code/findbugs/jsr305/1.3.9/jsr305-1.3.9.jar:/Users/gosha04/.m2/repository/org/sonatype/sisu/sisu-guice/3.1.0/sisu-guice-3.1.0-no_aop.jar:/Users/gosha04/.m2/repository/aopalliance/aopalliance/1.0/aopalliance-1.0.jar:/Users/gosha04/.m2/repository/org/eclipse/sisu/org.eclipse.sisu.inject/0.0.0.M2a/org.eclipse.sisu.inject-0.0.0.M2a.jar:/Users/gosha04/.m2/repository/asm/asm/3.3.1/asm-3.3.1.jar:/Users/gosha04/.m2/repository/org/apache/maven/shared/maven-dependency-tree/3.2.1/maven-dependency-tree-3.2.1.jar:/Users/gosha04/.m2/repository/org/eclipse/aether/aether-util/1.0.0.v20140518/aether-util-1.0.0.v20140518.jar:/Users/gosha04/.m2/repository/org/slf4j/slf4j-api/1.7.36/slf4j-api-1.7.36.jar:/Users/gosha04/.m2/repository/org/apache/maven/shared/maven-shared-jar/3.0.0/maven-shared-jar-3.0.0.jar:/Users/gosha04/.m2/repository/javax/inject/javax.inject/1/javax.inject-1.jar:/Users/gosha04/.m2/repository/commons-codec/commons-codec/1.15/commons-codec-1.15.jar:/Users/gosha04/.m2/repository/org/apache/bcel/bcel/6.7.0/bcel-6.7.0.jar:/Users/gosha04/.m2/repository/org/apache/commons/commons-collections4/4.4/commons-collections4-4.4.jar:/Users/gosha04/.m2/repository/org/eclipse/aether/aether-api/1.0.0.v20140518/aether-api-1.0.0.v20140518.jar:/Users/gosha04/.m2/repository/org/apache/maven/shared/maven-common-artifact-filters/3.3.2/maven-common-artifact-filters-3.3.2.jar:/Users/gosha04/.m2/repository/org/apache/maven/shared/maven-artifact-transfer/0.13.1/maven-artifact-transfer-0.13.1.jar:/Users/gosha04/.m2/repository/org/apache/maven/maven-core/3.0/maven-core-3.0.jar:/Users/gosha04/.m2/repository/org/apache/maven/maven-repository-metadata/3.0/maven-repository-metadata-3.0.jar:/Users/gosha04/.m2/repository/org/apache/maven/maven-model-builder/3.0/maven-model-builder-3.0.jar:/Users/gosha04/.m2/repository/org/apache/maven/maven-aether-provider/3.0/maven-aether-provider-3.0.jar:/Users/gosha04/.m2/repository/org/sonatype/aether/aether-impl/1.7/aether-impl-1.7.jar:/Users/gosha04/.m2/repository/org/sonatype/aether/aether-spi/1.7/aether-spi-1.7.jar:/Users/gosha04/.m2/repository/org/sonatype/aether/aether-api/1.7/aether-api-1.7.jar:/Users/gosha04/.m2/repository/org/sonatype/aether/aether-util/1.7/aether-util-1.7.jar:/Users/gosha04/.m2/repository/org/sonatype/sisu/sisu-inject-plexus/1.4.2/sisu-inject-plexus-1.4.2.jar:/Users/gosha04/.m2/repository/org/sonatype/sisu/sisu-inject-bean/1.4.2/sisu-inject-bean-1.4.2.jar:/Users/gosha04/.m2/repository/org/sonatype/sisu/sisu-guice/2.1.7/sisu-guice-2.1.7-noaop.jar:/Users/gosha04/.m2/repository/org/codehaus/plexus/plexus-classworlds/2.2.3/plexus-classworlds-2.2.3.jar:/Users/gosha04/.m2/repository/org/sonatype/plexus/plexus-sec-dispatcher/1.3/plexus-sec-dispatcher-1.3.jar:/Users/gosha04/.m2/repository/org/sonatype/plexus/plexus-cipher/1.4/plexus-cipher-1.4.jar:/Users/gosha04/.m2/repository/org/codehaus/plexus/plexus-component-annotations/2.0.0/plexus-component-annotations-2.0.0.jar:/Users/gosha04/.m2/repository/org/apache/maven/scm/maven-scm-api/1.13.0/maven-scm-api-1.13.0.jar:/Users/gosha04/.m2/repository/org/apache/maven/scm/maven-scm-manager-plexus/1.13.0/maven-scm-manager-plexus-1.13.0.jar:/Users/gosha04/.m2/repository/org/apache/maven/scm/maven-scm-provider-hg/1.13.0/maven-scm-provider-hg-1.13.0.jar:/Users/gosha04/.m2/repository/org/apache/maven/scm/maven-scm-provider-perforce/1.13.0/maven-scm-provider-perforce-1.13.0.jar:/Users/gosha04/.m2/repository/org/apache/maven/scm/maven-scm-provider-starteam/1.13.0/maven-scm-provider-starteam-1.13.0.jar:/Users/gosha04/.m2/repository/org/apache/maven/scm/maven-scm-provider-svn-commons/1.13.0/maven-scm-provider-svn-commons-1.13.0.jar:/Users/gosha04/.m2/repository/org/apache/maven/scm/maven-scm-provider-svnexe/1.13.0/maven-scm-provider-svnexe-1.13.0.jar:/Users/gosha04/.m2/repository/commons-lang/commons-lang/2.6/commons-lang-2.6.jar:/Users/gosha04/.m2/repository/org/apache/maven/scm/maven-scm-provider-cvs-commons/1.13.0/maven-scm-provider-cvs-commons-1.13.0.jar:/Users/gosha04/.m2/repository/org/apache/maven/scm/maven-scm-provider-cvsexe/1.13.0/maven-scm-provider-cvsexe-1.13.0.jar:/Users/gosha04/.m2/repository/org/apache/maven/scm/maven-scm-provider-cvsjava/1.13.0/maven-scm-provider-cvsjava-1.13.0.jar:/Users/gosha04/.m2/repository/org/netbeans/lib/cvsclient/20060125/cvsclient-20060125.jar:/Users/gosha04/.m2/repository/ch/ethz/ganymed/ganymed-ssh2/build210/ganymed-ssh2-build210.jar:/Users/gosha04/.m2/repository/org/apache/maven/scm/maven-scm-provider-git-commons/1.13.0/maven-scm-provider-git-commons-1.13.0.jar:/Users/gosha04/.m2/repository/org/apache/maven/scm/maven-scm-provider-gitexe/1.13.0/maven-scm-provider-gitexe-1.13.0.jar:/Users/gosha04/.m2/repository/commons-io/commons-io/2.6/commons-io-2.6.jar:/Users/gosha04/.m2/repository/org/apache/maven/doxia/doxia-sink-api/1.11.1/doxia-sink-api-1.11.1.jar:/Users/gosha04/.m2/repository/org/apache/maven/doxia/doxia-logging-api/1.11.1/doxia-logging-api-1.11.1.jar:/Users/gosha04/.m2/repository/org/apache/maven/doxia/doxia-core/1.11.1/doxia-core-1.11.1.jar:/Users/gosha04/.m2/repository/org/apache/commons/commons-lang3/3.8.1/commons-lang3-3.8.1.jar:/Users/gosha04/.m2/repository/org/apache/commons/commons-text/1.3/commons-text-1.3.jar:/Users/gosha04/.m2/repository/org/apache/httpcomponents/httpclient/4.5.13/httpclient-4.5.13.jar:/Users/gosha04/.m2/repository/org/apache/httpcomponents/httpcore/4.4.14/httpcore-4.4.14.jar:/Users/gosha04/.m2/repository/org/apache/maven/doxia/doxia-decoration-model/1.11.1/doxia-decoration-model-1.11.1.jar:/Users/gosha04/.m2/repository/org/apache/maven/doxia/doxia-site-renderer/1.11.1/doxia-site-renderer-1.11.1.jar:/Users/gosha04/.m2/repository/org/apache/maven/doxia/doxia-skin-model/1.11.1/doxia-skin-model-1.11.1.jar:/Users/gosha04/.m2/repository/org/codehaus/plexus/plexus-velocity/1.2/plexus-velocity-1.2.jar:/Users/gosha04/.m2/repository/org/apache/velocity/velocity/1.7/velocity-1.7.jar:/Users/gosha04/.m2/repository/org/apache/velocity/velocity-tools/2.0/velocity-tools-2.0.jar:/Users/gosha04/.m2/repository/commons-chain/commons-chain/1.1/commons-chain-1.1.jar:/Users/gosha04/.m2/repository/dom4j/dom4j/1.1/dom4j-1.1.jar:/Users/gosha04/.m2/repository/oro/oro/2.0.8/oro-2.0.8.jar:/Users/gosha04/.m2/repository/commons-collections/commons-collections/3.2.2/commons-collections-3.2.2.jar:/Users/gosha04/.m2/repository/org/apache/maven/doxia/doxia-integration-tools/1.11.1/doxia-integration-tools-1.11.1.jar:/Users/gosha04/.m2/repository/org/apache/maven/maven-model/2.2.1/maven-model-2.2.1.jar:/Users/gosha04/.m2/repository/org/codehaus/plexus/plexus-i18n/1.0-beta-10/plexus-i18n-1.0-beta-10.jar:/Users/gosha04/.m2/repository/org/codehaus/plexus/plexus-utils/3.5.1/plexus-utils-3.5.1.jar:/Users/gosha04/.m2/repository/org/codehaus/plexus/plexus-interpolation/1.26/plexus-interpolation-1.26.jar:/Users/gosha04/.m2/repository/commons-validator/commons-validator/1.7/commons-validator-1.7.jar:/Users/gosha04/.m2/repository/commons-beanutils/commons-beanutils/1.9.4/commons-beanutils-1.9.4.jar:/Users/gosha04/.m2/repository/commons-digester/commons-digester/2.1/commons-digester-2.1.jar:/Users/gosha04/.m2/repository/commons-logging/commons-logging/1.2/commons-logging-1.2.jar:/Users/gosha04/.m2/repository/org/apache/maven/plugins/maven-site-plugin/3.12.1/maven-site-plugin-3.12.1.jar:/Users/gosha04/.m2/repository/org/apache/maven/reporting/maven-reporting-exec/1.6.0/maven-reporting-exec-1.6.0.jar:/Users/gosha04/.m2/repository/org/apache/maven/maven-settings/3.2.5/maven-settings-3.2.5.jar:/Users/gosha04/.m2/repository/org/apache/maven/maven-settings-builder/3.2.5/maven-settings-builder-3.2.5.jar:/Users/gosha04/.m2/repository/org/apache/maven/shared/maven-shared-utils/3.3.4/maven-shared-utils-3.3.4.jar:/Users/gosha04/.m2/repository/org/apache/maven/maven-archiver/3.5.2/maven-archiver-3.5.2.jar:/Users/gosha04/.m2/repository/org/apache/commons/commons-compress/1.20/commons-compress-1.20.jar:/Users/gosha04/.m2/repository/org/codehaus/plexus/plexus-archiver/4.2.7/plexus-archiver-4.2.7.jar:/Users/gosha04/.m2/repository/org/codehaus/plexus/plexus-io/3.2.0/plexus-io-3.2.0.jar:/Users/gosha04/.m2/repository/org/iq80/snappy/snappy/0.4/snappy-0.4.jar:/Users/gosha04/.m2/repository/org/tukaani/xz/1.9/xz-1.9.jar:/Users/gosha04/.m2/repository/org/apache/maven/doxia/doxia-module-xhtml/1.11.1/doxia-module-xhtml-1.11.1.jar:/Users/gosha04/.m2/repository/org/apache/maven/doxia/doxia-module-xhtml5/1.11.1/doxia-module-xhtml5-1.11.1.jar:/Users/gosha04/.m2/repository/org/apache/maven/doxia/doxia-module-apt/1.11.1/doxia-module-apt-1.11.1.jar:/Users/gosha04/.m2/repository/org/apache/maven/doxia/doxia-module-xdoc/1.11.1/doxia-module-xdoc-1.11.1.jar:/Users/gosha04/.m2/repository/org/apache/maven/doxia/doxia-module-fml/1.11.1/doxia-module-fml-1.11.1.jar:/Users/gosha04/.m2/repository/org/apache/maven/doxia/doxia-module-markdown/1.11.1/doxia-module-markdown-1.11.1.jar:/Users/gosha04/.m2/repository/com/vladsch/flexmark/flexmark-all/0.42.14/flexmark-all-0.42.14.jar:/Users/gosha04/.m2/repository/com/vladsch/flexmark/flexmark/0.42.14/flexmark-0.42.14.jar:/Users/gosha04/.m2/repository/com/vladsch/flexmark/flexmark-ext-abbreviation/0.42.14/flexmark-ext-abbreviation-0.42.14.jar:/Users/gosha04/.m2/repository/com/vladsch/flexmark/flexmark-ext-admonition/0.42.14/flexmark-ext-admonition-0.42.14.jar:/Users/gosha04/.m2/repository/com/vladsch/flexmark/flexmark-ext-anchorlink/0.42.14/flexmark-ext-anchorlink-0.42.14.jar:/Users/gosha04/.m2/repository/com/vladsch/flexmark/flexmark-ext-aside/0.42.14/flexmark-ext-aside-0.42.14.jar:/Users/gosha04/.m2/repository/com/vladsch/flexmark/flexmark-ext-attributes/0.42.14/flexmark-ext-attributes-0.42.14.jar:/Users/gosha04/.m2/repository/com/vladsch/flexmark/flexmark-ext-autolink/0.42.14/flexmark-ext-autolink-0.42.14.jar:/Users/gosha04/.m2/repository/org/nibor/autolink/autolink/0.6.0/autolink-0.6.0.jar:/Users/gosha04/.m2/repository/com/vladsch/flexmark/flexmark-ext-definition/0.42.14/flexmark-ext-definition-0.42.14.jar:/Users/gosha04/.m2/repository/com/vladsch/flexmark/flexmark-ext-emoji/0.42.14/flexmark-ext-emoji-0.42.14.jar:/Users/gosha04/.m2/repository/com/vladsch/flexmark/flexmark-ext-enumerated-reference/0.42.14/flexmark-ext-enumerated-reference-0.42.14.jar:/Users/gosha04/.m2/repository/com/vladsch/flexmark/flexmark-ext-escaped-character/0.42.14/flexmark-ext-escaped-character-0.42.14.jar:/Users/gosha04/.m2/repository/com/vladsch/flexmark/flexmark-ext-footnotes/0.42.14/flexmark-ext-footnotes-0.42.14.jar:/Users/gosha04/.m2/repository/com/vladsch/flexmark/flexmark-ext-gfm-issues/0.42.14/flexmark-ext-gfm-issues-0.42.14.jar:/Users/gosha04/.m2/repository/com/vladsch/flexmark/flexmark-ext-gfm-strikethrough/0.42.14/flexmark-ext-gfm-strikethrough-0.42.14.jar:/Users/gosha04/.m2/repository/com/vladsch/flexmark/flexmark-ext-gfm-tables/0.42.14/flexmark-ext-gfm-tables-0.42.14.jar:/Users/gosha04/.m2/repository/com/vladsch/flexmark/flexmark-ext-gfm-tasklist/0.42.14/flexmark-ext-gfm-tasklist-0.42.14.jar:/Users/gosha04/.m2/repository/com/vladsch/flexmark/flexmark-ext-gfm-users/0.42.14/flexmark-ext-gfm-users-0.42.14.jar:/Users/gosha04/.m2/repository/com/vladsch/flexmark/flexmark-ext-gitlab/0.42.14/flexmark-ext-gitlab-0.42.14.jar:/Users/gosha04/.m2/repository/com/vladsch/flexmark/flexmark-ext-jekyll-front-matter/0.42.14/flexmark-ext-jekyll-front-matter-0.42.14.jar:/Users/gosha04/.m2/repository/com/vladsch/flexmark/flexmark-ext-jekyll-tag/0.42.14/flexmark-ext-jekyll-tag-0.42.14.jar:/Users/gosha04/.m2/repository/com/vladsch/flexmark/flexmark-ext-media-tags/0.42.14/flexmark-ext-media-tags-0.42.14.jar:/Users/gosha04/.m2/repository/com/vladsch/flexmark/flexmark-ext-macros/0.42.14/flexmark-ext-macros-0.42.14.jar:/Users/gosha04/.m2/repository/com/vladsch/flexmark/flexmark-ext-ins/0.42.14/flexmark-ext-ins-0.42.14.jar:/Users/gosha04/.m2/repository/com/vladsch/flexmark/flexmark-ext-xwiki-macros/0.42.14/flexmark-ext-xwiki-macros-0.42.14.jar:/Users/gosha04/.m2/repository/com/vladsch/flexmark/flexmark-ext-superscript/0.42.14/flexmark-ext-superscript-0.42.14.jar:/Users/gosha04/.m2/repository/com/vladsch/flexmark/flexmark-ext-tables/0.42.14/flexmark-ext-tables-0.42.14.jar:/Users/gosha04/.m2/repository/com/vladsch/flexmark/flexmark-ext-toc/0.42.14/flexmark-ext-toc-0.42.14.jar:/Users/gosha04/.m2/repository/com/vladsch/flexmark/flexmark-ext-typographic/0.42.14/flexmark-ext-typographic-0.42.14.jar:/Users/gosha04/.m2/repository/com/vladsch/flexmark/flexmark-ext-wikilink/0.42.14/flexmark-ext-wikilink-0.42.14.jar:/Users/gosha04/.m2/repository/com/vladsch/flexmark/flexmark-ext-yaml-front-matter/0.42.14/flexmark-ext-yaml-front-matter-0.42.14.jar:/Users/gosha04/.m2/repository/com/vladsch/flexmark/flexmark-ext-youtube-embedded/0.42.14/flexmark-ext-youtube-embedded-0.42.14.jar:/Users/gosha04/.m2/repository/com/vladsch/flexmark/flexmark-formatter/0.42.14/flexmark-formatter-0.42.14.jar:/Users/gosha04/.m2/repository/com/vladsch/flexmark/flexmark-html-parser/0.42.14/flexmark-html-parser-0.42.14.jar:/Users/gosha04/.m2/repository/org/jsoup/jsoup/1.10.2/jsoup-1.10.2.jar:/Users/gosha04/.m2/repository/com/vladsch/flexmark/flexmark-jira-converter/0.42.14/flexmark-jira-converter-0.42.14.jar:/Users/gosha04/.m2/repository/com/vladsch/flexmark/flexmark-profile-pegdown/0.42.14/flexmark-profile-pegdown-0.42.14.jar:/Users/gosha04/.m2/repository/com/vladsch/flexmark/flexmark-util/0.42.14/flexmark-util-0.42.14.jar:/Users/gosha04/.m2/repository/com/vladsch/flexmark/flexmark-youtrack-converter/0.42.14/flexmark-youtrack-converter-0.42.14.jar:/Users/gosha04/.m2/repository/org/apache/maven/doxia/doxia-module-confluence/1.11.1/doxia-module-confluence-1.11.1.jar:/Users/gosha04/.m2/repository/org/apache/maven/doxia/doxia-module-docbook-simple/1.11.1/doxia-module-docbook-simple-1.11.1.jar:/Users/gosha04/.m2/repository/org/apache/maven/doxia/doxia-module-twiki/1.11.1/doxia-module-twiki-1.11.1.jar:/Users/gosha04/.m2/repository/org/eclipse/jetty/jetty-server/9.4.46.v20220331/jetty-server-9.4.46.v20220331.jar:/Users/gosha04/.m2/repository/javax/servlet/javax.servlet-api/3.1.0/javax.servlet-api-3.1.0.jar:/Users/gosha04/.m2/repository/org/eclipse/jetty/jetty-http/9.4.46.v20220331/jetty-http-9.4.46.v20220331.jar:/Users/gosha04/.m2/repository/org/eclipse/jetty/jetty-io/9.4.46.v20220331/jetty-io-9.4.46.v20220331.jar:/Users/gosha04/.m2/repository/org/eclipse/jetty/jetty-servlet/9.4.46.v20220331/jetty-servlet-9.4.46.v20220331.jar:/Users/gosha04/.m2/repository/org/eclipse/jetty/jetty-security/9.4.46.v20220331/jetty-security-9.4.46.v20220331.jar:/Users/gosha04/.m2/repository/org/eclipse/jetty/jetty-util-ajax/9.4.46.v20220331/jetty-util-ajax-9.4.46.v20220331.jar:/Users/gosha04/.m2/repository/org/eclipse/jetty/jetty-webapp/9.4.46.v20220331/jetty-webapp-9.4.46.v20220331.jar:/Users/gosha04/.m2/repository/org/eclipse/jetty/jetty-xml/9.4.46.v20220331/jetty-xml-9.4.46.v20220331.jar:/Users/gosha04/.m2/repository/org/eclipse/jetty/jetty-util/9.4.46.v20220331/jetty-util-9.4.46.v20220331.jar:/Users/gosha04/.m2/repository/net/bytebuddy/byte-buddy/1.14.19/byte-buddy-1.14.19.jar:/Users/gosha04/.m2/repository/net/bytebuddy/byte-buddy-agent/1.14.19/byte-buddy-agent-1.14.19.jar:"/>
    <property name="java.vm.vendor" value="Eclipse Adoptium"/>
    <property name="sun.arch.data.model" value="64"/>
    <property name="java.vendor.url" value="https://adoptium.net/"/>
    <property name="user.timezone" value="America/Los_Angeles"/>
    <property name="os.name" value="Mac OS X"/>
    <property name="java.vm.specification.version" value="21"/>
    <property name="sun.java.launcher" value="SUN_STANDARD"/>
    <property name="user.country" value="US"/>
    <property name="sun.boot.library.path" value="/Library/Java/JavaVirtualMachines/temurin-21.jdk/Contents/Home/lib"/>
    <property name="sun.java.command" value="/Users/gosha04/Documents/CPSC_Courses/SE/se300-assignment2/target/surefire/surefirebooter-20251020022609357_3.jar /Users/gosha04/Documents/CPSC_Courses/SE/se300-assignment2/target/surefire 2025-10-20T02-26-08_617-jvmRun1 surefire-20251020022609357_1tmp surefire_0-20251020022609357_2tmp"/>
    <property name="http.nonProxyHosts" value="local|*.local|169.254/16|*.169.254/16"/>
    <property name="jdk.debug" value="release"/>
    <property name="surefire.test.class.path" value="/Users/gosha04/Documents/CPSC_Courses/SE/se300-assignment2/target/test-classes:/Users/gosha04/Documents/CPSC_Courses/SE/se300-assignment2/target/classes:/Users/gosha04/.m2/repository/org/hsqldb/hsqldb/2.7.1/hsqldb-2.7.1.jar:/Users/gosha04/.m2/repository/org/assertj/assertj-core/3.24.2/assertj-core-3.24.2.jar:/Users/gosha04/.m2/repository/org/junit/jupiter/junit-jupiter-params/5.13.4/junit-jupiter-params-5.13.4.jar:/Users/gosha04/.m2/repository/org/apiguardian/apiguardian-api/1.1.2/apiguardian-api-1.1.2.jar:/Users/gosha04/.m2/repository/org/mockito/mockito-core/5.20.0/mockito-core-5.20.0.jar:/Users/gosha04/.m2/repository/org/objenesis/objenesis/3.3/objenesis-3.3.jar:/Users/gosha04/.m2/repository/org/mockito/mockito-inline/5.2.0/mockito-inline-5.2.0.jar:/Users/gosha04/.m2/repository/org/junit/jupiter/junit-jupiter-api/5.13.4/junit-jupiter-api-5.13.4.jar:/Users/gosha04/.m2/repository/org/opentest4j/opentest4j/1.3.0/opentest4j-1.3.0.jar:/Users/gosha04/.m2/repository/org/junit/platform/junit-platform-commons/1.13.4/junit-platform-commons-1.13.4.jar:/Users/gosha04/.m2/repository/org/junit/jupiter/junit-jupiter-engine/5.13.4/junit-jupiter-engine-5.13.4.jar:/Users/gosha04/.m2/repository/org/junit/platform/junit-platform-engine/1.13.4/junit-platform-engine-1.13.4.jar:/Users/gosha04/.m2/repository/org/apache/maven/plugins/maven-project-info-reports-plugin/3.4.5/maven-project-info-reports-plugin-3.4.5.jar:/Users/gosha04/.m2/repository/org/apache/maven/reporting/maven-reporting-api/3.1.1/maven-reporting-api-3.1.1.jar:/Users/gosha04/.m2/repository/org/apache/maven/reporting/maven-reporting-impl/3.2.0/maven-reporting-impl-3.2.0.jar:/Users/gosha04/.m2/repository/org/apache/maven/maven-artifact/3.1.0/maven-artifact-3.1.0.jar:/Users/gosha04/.m2/repository/org/apache/maven/maven-plugin-api/3.1.0/maven-plugin-api-3.1.0.jar:/Users/gosha04/.m2/repository/org/eclipse/sisu/org.eclipse.sisu.plexus/0.0.0.M2a/org.eclipse.sisu.plexus-0.0.0.M2a.jar:/Users/gosha04/.m2/repository/javax/enterprise/cdi-api/1.0/cdi-api-1.0.jar:/Users/gosha04/.m2/repository/javax/annotation/jsr250-api/1.0/jsr250-api-1.0.jar:/Users/gosha04/.m2/repository/com/google/guava/guava/10.0.1/guava-10.0.1.jar:/Users/gosha04/.m2/repository/com/google/code/findbugs/jsr305/1.3.9/jsr305-1.3.9.jar:/Users/gosha04/.m2/repository/org/sonatype/sisu/sisu-guice/3.1.0/sisu-guice-3.1.0-no_aop.jar:/Users/gosha04/.m2/repository/aopalliance/aopalliance/1.0/aopalliance-1.0.jar:/Users/gosha04/.m2/repository/org/eclipse/sisu/org.eclipse.sisu.inject/0.0.0.M2a/org.eclipse.sisu.inject-0.0.0.M2a.jar:/Users/gosha04/.m2/repository/asm/asm/3.3.1/asm-3.3.1.jar:/Users/gosha04/.m2/repository/org/apache/maven/shared/maven-dependency-tree/3.2.1/maven-dependency-tree-3.2.1.jar:/Users/gosha04/.m2/repository/org/eclipse/aether/aether-util/1.0.0.v20140518/aether-util-1.0.0.v20140518.jar:/Users/gosha04/.m2/repository/org/slf4j/slf4j-api/1.7.36/slf4j-api-1.7.36.jar:/Users/gosha04/.m2/repository/org/apache/maven/shared/maven-shared-jar/3.0.0/maven-shared-jar-3.0.0.jar:/Users/gosha04/.m2/repository/javax/inject/javax.inject/1/javax.inject-1.jar:/Users/gosha04/.m2/repository/commons-codec/commons-codec/1.15/commons-codec-1.15.jar:/Users/gosha04/.m2/repository/org/apache/bcel/bcel/6.7.0/bcel-6.7.0.jar:/Users/gosha04/.m2/repository/org/apache/commons/commons-collections4/4.4/commons-collections4-4.4.jar:/Users/gosha04/.m2/repository/org/eclipse/aether/aether-api/1.0.0.v20140518/aether-api-1.0.0.v20140518.jar:/Users/gosha04/.m2/repository/org/apache/maven/shared/maven-common-artifact-filters/3.3.2/maven-common-artifact-filters-3.3.2.jar:/Users/gosha04/.m2/repository/org/apache/maven/shared/maven-artifact-transfer/0.13.1/maven-artifact-transfer-0.13.1.jar:/Users/gosha04/.m2/repository/org/apache/maven/maven-core/3.0/maven-core-3.0.jar:/Users/gosha04/.m2/repository/org/apache/maven/maven-repository-metadata/3.0/maven-repository-metadata-3.0.jar:/Users/gosha04/.m2/repository/org/apache/maven/maven-model-builder/3.0/maven-model-builder-3.0.jar:/Users/gosha04/.m2/repository/org/apache/maven/maven-aether-provider/3.0/maven-aether-provider-3.0.jar:/Users/gosha04/.m2/repository/org/sonatype/aether/aether-impl/1.7/aether-impl-1.7.jar:/Users/gosha04/.m2/repository/org/sonatype/aether/aether-spi/1.7/aether-spi-1.7.jar:/Users/gosha04/.m2/repository/org/sonatype/aether/aether-api/1.7/aether-api-1.7.jar:/Users/gosha04/.m2/repository/org/sonatype/aether/aether-util/1.7/aether-util-1.7.jar:/Users/gosha04/.m2/repository/org/sonatype/sisu/sisu-inject-plexus/1.4.2/sisu-inject-plexus-1.4.2.jar:/Users/gosha04/.m2/repository/org/sonatype/sisu/sisu-inject-bean/1.4.2/sisu-inject-bean-1.4.2.jar:/Users/gosha04/.m2/repository/org/sonatype/sisu/sisu-guice/2.1.7/sisu-guice-2.1.7-noaop.jar:/Users/gosha04/.m2/repository/org/codehaus/plexus/plexus-classworlds/2.2.3/plexus-classworlds-2.2.3.jar:/Users/gosha04/.m2/repository/org/sonatype/plexus/plexus-sec-dispatcher/1.3/plexus-sec-dispatcher-1.3.jar:/Users/gosha04/.m2/repository/org/sonatype/plexus/plexus-cipher/1.4/plexus-cipher-1.4.jar:/Users/gosha04/.m2/repository/org/codehaus/plexus/plexus-component-annotations/2.0.0/plexus-component-annotations-2.0.0.jar:/Users/gosha04/.m2/repository/org/apache/maven/scm/maven-scm-api/1.13.0/maven-scm-api-1.13.0.jar:/Users/gosha04/.m2/repository/org/apache/maven/scm/maven-scm-manager-plexus/1.13.0/maven-scm-manager-plexus-1.13.0.jar:/Users/gosha04/.m2/repository/org/apache/maven/scm/maven-scm-provider-hg/1.13.0/maven-scm-provider-hg-1.13.0.jar:/Users/gosha04/.m2/repository/org/apache/maven/scm/maven-scm-provider-perforce/1.13.0/maven-scm-provider-perforce-1.13.0.jar:/Users/gosha04/.m2/repository/org/apache/maven/scm/maven-scm-provider-starteam/1.13.0/maven-scm-provider-starteam-1.13.0.jar:/Users/gosha04/.m2/repository/org/apache/maven/scm/maven-scm-provider-svn-commons/1.13.0/maven-scm-provider-svn-commons-1.13.0.jar:/Users/gosha04/.m2/repository/org/apache/maven/scm/maven-scm-provider-svnexe/1.13.0/maven-scm-provider-svnexe-1.13.0.jar:/Users/gosha04/.m2/repository/commons-lang/commons-lang/2.6/commons-lang-2.6.jar:/Users/gosha04/.m2/repository/org/apache/maven/scm/maven-scm-provider-cvs-commons/1.13.0/maven-scm-provider-cvs-commons-1.13.0.jar:/Users/gosha04/.m2/repository/org/apache/maven/scm/maven-scm-provider-cvsexe/1.13.0/maven-scm-provider-cvsexe-1.13.0.jar:/Users/gosha04/.m2/repository/org/apache/maven/scm/maven-scm-provider-cvsjava/1.13.0/maven-scm-provider-cvsjava-1.13.0.jar:/Users/gosha04/.m2/repository/org/netbeans/lib/cvsclient/20060125/cvsclient-20060125.jar:/Users/gosha04/.m2/repository/ch/ethz/ganymed/ganymed-ssh2/build210/ganymed-ssh2-build210.jar:/Users/gosha04/.m2/repository/org/apache/maven/scm/maven-scm-provider-git-commons/1.13.0/maven-scm-provider-git-commons-1.13.0.jar:/Users/gosha04/.m2/repository/org/apache/maven/scm/maven-scm-provider-gitexe/1.13.0/maven-scm-provider-gitexe-1.13.0.jar:/Users/gosha04/.m2/repository/commons-io/commons-io/2.6/commons-io-2.6.jar:/Users/gosha04/.m2/repository/org/apache/maven/doxia/doxia-sink-api/1.11.1/doxia-sink-api-1.11.1.jar:/Users/gosha04/.m2/repository/org/apache/maven/doxia/doxia-logging-api/1.11.1/doxia-logging-api-1.11.1.jar:/Users/gosha04/.m2/repository/org/apache/maven/doxia/doxia-core/1.11.1/doxia-core-1.11.1.jar:/Users/gosha04/.m2/repository/org/apache/commons/commons-lang3/3.8.1/commons-lang3-3.8.1.jar:/Users/gosha04/.m2/repository/org/apache/commons/commons-text/1.3/commons-text-1.3.jar:/Users/gosha04/.m2/repository/org/apache/httpcomponents/httpclient/4.5.13/httpclient-4.5.13.jar:/Users/gosha04/.m2/repository/org/apache/httpcomponents/httpcore/4.4.14/httpcore-4.4.14.jar:/Users/gosha04/.m2/repository/org/apache/maven/doxia/doxia-decoration-model/1.11.1/doxia-decoration-model-1.11.1.jar:/Users/gosha04/.m2/repository/org/apache/maven/doxia/doxia-site-renderer/1.11.1/doxia-site-renderer-1.11.1.jar:/Users/gosha04/.m2/repository/org/apache/maven/doxia/doxia-skin-model/1.11.1/doxia-skin-model-1.11.1.jar:/Users/gosha04/.m2/repository/org/codehaus/plexus/plexus-velocity/1.2/plexus-velocity-1.2.jar:/Users/gosha04/.m2/repository/org/apache/velocity/velocity/1.7/velocity-1.7.jar:/Users/gosha04/.m2/repository/org/apache/velocity/velocity-tools/2.0/velocity-tools-2.0.jar:/Users/gosha04/.m2/repository/commons-chain/commons-chain/1.1/commons-chain-1.1.jar:/Users/gosha04/.m2/repository/dom4j/dom4j/1.1/dom4j-1.1.jar:/Users/gosha04/.m2/repository/oro/oro/2.0.8/oro-2.0.8.jar:/Users/gosha04/.m2/repository/commons-collections/commons-collections/3.2.2/commons-collections-3.2.2.jar:/Users/gosha04/.m2/repository/org/apache/maven/doxia/doxia-integration-tools/1.11.1/doxia-integration-tools-1.11.1.jar:/Users/gosha04/.m2/repository/org/apache/maven/maven-model/2.2.1/maven-model-2.2.1.jar:/Users/gosha04/.m2/repository/org/codehaus/plexus/plexus-i18n/1.0-beta-10/plexus-i18n-1.0-beta-10.jar:/Users/gosha04/.m2/repository/org/codehaus/plexus/plexus-utils/3.5.1/plexus-utils-3.5.1.jar:/Users/gosha04/.m2/repository/org/codehaus/plexus/plexus-interpolation/1.26/plexus-interpolation-1.26.jar:/Users/gosha04/.m2/repository/commons-validator/commons-validator/1.7/commons-validator-1.7.jar:/Users/gosha04/.m2/repository/commons-beanutils/commons-beanutils/1.9.4/commons-beanutils-1.9.4.jar:/Users/gosha04/.m2/repository/commons-digester/commons-digester/2.1/commons-digester-2.1.jar:/Users/gosha04/.m2/repository/commons-logging/commons-logging/1.2/commons-logging-1.2.jar:/Users/gosha04/.m2/repository/org/apache/maven/plugins/maven-site-plugin/3.12.1/maven-site-plugin-3.12.1.jar:/Users/gosha04/.m2/repository/org/apache/maven/reporting/maven-reporting-exec/1.6.0/maven-reporting-exec-1.6.0.jar:/Users/gosha04/.m2/repository/org/apache/maven/maven-settings/3.2.5/maven-settings-3.2.5.jar:/Users/gosha04/.m2/repository/org/apache/maven/maven-settings-builder/3.2.5/maven-settings-builder-3.2.5.jar:/Users/gosha04/.m2/repository/org/apache/maven/shared/maven-shared-utils/3.3.4/maven-shared-utils-3.3.4.jar:/Users/gosha04/.m2/repository/org/apache/maven/maven-archiver/3.5.2/maven-archiver-3.5.2.jar:/Users/gosha04/.m2/repository/org/apache/commons/commons-compress/1.20/commons-compress-1.20.jar:/Users/gosha04/.m2/repository/org/codehaus/plexus/plexus-archiver/4.2.7/plexus-archiver-4.2.7.jar:/Users/gosha04/.m2/repository/org/codehaus/plexus/plexus-io/3.2.0/plexus-io-3.2.0.jar:/Users/gosha04/.m2/repository/org/iq80/snappy/snappy/0.4/snappy-0.4.jar:/Users/gosha04/.m2/repository/org/tukaani/xz/1.9/xz-1.9.jar:/Users/gosha04/.m2/repository/org/apache/maven/doxia/doxia-module-xhtml/1.11.1/doxia-module-xhtml-1.11.1.jar:/Users/gosha04/.m2/repository/org/apache/maven/doxia/doxia-module-xhtml5/1.11.1/doxia-module-xhtml5-1.11.1.jar:/Users/gosha04/.m2/repository/org/apache/maven/doxia/doxia-module-apt/1.11.1/doxia-module-apt-1.11.1.jar:/Users/gosha04/.m2/repository/org/apache/maven/doxia/doxia-module-xdoc/1.11.1/doxia-module-xdoc-1.11.1.jar:/Users/gosha04/.m2/repository/org/apache/maven/doxia/doxia-module-fml/1.11.1/doxia-module-fml-1.11.1.jar:/Users/gosha04/.m2/repository/org/apache/maven/doxia/doxia-module-markdown/1.11.1/doxia-module-markdown-1.11.1.jar:/Users/gosha04/.m2/repository/com/vladsch/flexmark/flexmark-all/0.42.14/flexmark-all-0.42.14.jar:/Users/gosha04/.m2/repository/com/vladsch/flexmark/flexmark/0.42.14/flexmark-0.42.14.jar:/Users/gosha04/.m2/repository/com/vladsch/flexmark/flexmark-ext-abbreviation/0.42.14/flexmark-ext-abbreviation-0.42.14.jar:/Users/gosha04/.m2/repository/com/vladsch/flexmark/flexmark-ext-admonition/0.42.14/flexmark-ext-admonition-0.42.14.jar:/Users/gosha04/.m2/repository/com/vladsch/flexmark/flexmark-ext-anchorlink/0.42.14/flexmark-ext-anchorlink-0.42.14.jar:/Users/gosha04/.m2/repository/com/vladsch/flexmark/flexmark-ext-aside/0.42.14/flexmark-ext-aside-0.42.14.jar:/Users/gosha04/.m2/repository/com/vladsch/flexmark/flexmark-ext-attributes/0.42.14/flexmark-ext-attributes-0.42.14.jar:/Users/gosha04/.m2/repository/com/vladsch/flexmark/flexmark-ext-autolink/0.42.14/flexmark-ext-autolink-0.42.14.jar:/Users/gosha04/.m2/repository/org/nibor/autolink/autolink/0.6.0/autolink-0.6.0.jar:/Users/gosha04/.m2/repository/com/vladsch/flexmark/flexmark-ext-definition/0.42.14/flexmark-ext-definition-0.42.14.jar:/Users/gosha04/.m2/repository/com/vladsch/flexmark/flexmark-ext-emoji/0.42.14/flexmark-ext-emoji-0.42.14.jar:/Users/gosha04/.m2/repository/com/vladsch/flexmark/flexmark-ext-enumerated-reference/0.42.14/flexmark-ext-enumerated-reference-0.42.14.jar:/Users/gosha04/.m2/repository/com/vladsch/flexmark/flexmark-ext-escaped-character/0.42.14/flexmark-ext-escaped-character-0.42.14.jar:/Users/gosha04/.m2/repository/com/vladsch/flexmark/flexmark-ext-footnotes/0.42.14/flexmark-ext-footnotes-0.42.14.jar:/Users/gosha04/.m2/repository/com/vladsch/flexmark/flexmark-ext-gfm-issues/0.42.14/flexmark-ext-gfm-issues-0.42.14.jar:/Users/gosha04/.m2/repository/com/vladsch/flexmark/flexmark-ext-gfm-strikethrough/0.42.14/flexmark-ext-gfm-strikethrough-0.42.14.jar:/Users/gosha04/.m2/repository/com/vladsch/flexmark/flexmark-ext-gfm-tables/0.42.14/flexmark-ext-gfm-tables-0.42.14.jar:/Users/gosha04/.m2/repository/com/vladsch/flexmark/flexmark-ext-gfm-tasklist/0.42.14/flexmark-ext-gfm-tasklist-0.42.14.jar:/Users/gosha04/.m2/repository/com/vladsch/flexmark/flexmark-ext-gfm-users/0.42.14/flexmark-ext-gfm-users-0.42.14.jar:/Users/gosha04/.m2/repository/com/vladsch/flexmark/flexmark-ext-gitlab/0.42.14/flexmark-ext-gitlab-0.42.14.jar:/Users/gosha04/.m2/repository/com/vladsch/flexmark/flexmark-ext-jekyll-front-matter/0.42.14/flexmark-ext-jekyll-front-matter-0.42.14.jar:/Users/gosha04/.m2/repository/com/vladsch/flexmark/flexmark-ext-jekyll-tag/0.42.14/flexmark-ext-jekyll-tag-0.42.14.jar:/Users/gosha04/.m2/repository/com/vladsch/flexmark/flexmark-ext-media-tags/0.42.14/flexmark-ext-media-tags-0.42.14.jar:/Users/gosha04/.m2/repository/com/vladsch/flexmark/flexmark-ext-macros/0.42.14/flexmark-ext-macros-0.42.14.jar:/Users/gosha04/.m2/repository/com/vladsch/flexmark/flexmark-ext-ins/0.42.14/flexmark-ext-ins-0.42.14.jar:/Users/gosha04/.m2/repository/com/vladsch/flexmark/flexmark-ext-xwiki-macros/0.42.14/flexmark-ext-xwiki-macros-0.42.14.jar:/Users/gosha04/.m2/repository/com/vladsch/flexmark/flexmark-ext-superscript/0.42.14/flexmark-ext-superscript-0.42.14.jar:/Users/gosha04/.m2/repository/com/vladsch/flexmark/flexmark-ext-tables/0.42.14/flexmark-ext-tables-0.42.14.jar:/Users/gosha04/.m2/repository/com/vladsch/flexmark/flexmark-ext-toc/0.42.14/flexmark-ext-toc-0.42.14.jar:/Users/gosha04/.m2/repository/com/vladsch/flexmark/flexmark-ext-typographic/0.42.14/flexmark-ext-typographic-0.42.14.jar:/Users/gosha04/.m2/repository/com/vladsch/flexmark/flexmark-ext-wikilink/0.42.14/flexmark-ext-wikilink-0.42.14.jar:/Users/gosha04/.m2/repository/com/vladsch/flexmark/flexmark-ext-yaml-front-matter/0.42.14/flexmark-ext-yaml-front-matter-0.42.14.jar:/Users/gosha04/.m2/repository/com/vladsch/flexmark/flexmark-ext-youtube-embedded/0.42.14/flexmark-ext-youtube-embedded-0.42.14.jar:/Users/gosha04/.m2/repository/com/vladsch/flexmark/flexmark-formatter/0.42.14/flexmark-formatter-0.42.14.jar:/Users/gosha04/.m2/repository/com/vladsch/flexmark/flexmark-html-parser/0.42.14/flexmark-html-parser-0.42.14.jar:/Users/gosha04/.m2/repository/org/jsoup/jsoup/1.10.2/jsoup-1.10.2.jar:/Users/gosha04/.m2/repository/com/vladsch/flexmark/flexmark-jira-converter/0.42.14/flexmark-jira-converter-0.42.14.jar:/Users/gosha04/.m2/repository/com/vladsch/flexmark/flexmark-profile-pegdown/0.42.14/flexmark-profile-pegdown-0.42.14.jar:/Users/gosha04/.m2/repository/com/vladsch/flexmark/flexmark-util/0.42.14/flexmark-util-0.42.14.jar:/Users/gosha04/.m2/repository/com/vladsch/flexmark/flexmark-youtrack-converter/0.42.14/flexmark-youtrack-converter-0.42.14.jar:/Users/gosha04/.m2/repository/org/apache/maven/doxia/doxia-module-confluence/1.11.1/doxia-module-confluence-1.11.1.jar:/Users/gosha04/.m2/repository/org/apache/maven/doxia/doxia-module-docbook-simple/1.11.1/doxia-module-docbook-simple-1.11.1.jar:/Users/gosha04/.m2/repository/org/apache/maven/doxia/doxia-module-twiki/1.11.1/doxia-module-twiki-1.11.1.jar:/Users/gosha04/.m2/repository/org/eclipse/jetty/jetty-server/9.4.46.v20220331/jetty-server-9.4.46.v20220331.jar:/Users/gosha04/.m2/repository/javax/servlet/javax.servlet-api/3.1.0/javax.servlet-api-3.1.0.jar:/Users/gosha04/.m2/repository/org/eclipse/jetty/jetty-http/9.4.46.v20220331/jetty-http-9.4.46.v20220331.jar:/Users/gosha04/.m2/repository/org/eclipse/jetty/jetty-io/9.4.46.v20220331/jetty-io-9.4.46.v20220331.jar:/Users/gosha04/.m2/repository/org/eclipse/jetty/jetty-servlet/9.4.46.v20220331/jetty-servlet-9.4.46.v20220331.jar:/Users/gosha04/.m2/repository/org/eclipse/jetty/jetty-security/9.4.46.v20220331/jetty-security-9.4.46.v20220331.jar:/Users/gosha04/.m2/repository/org/eclipse/jetty/jetty-util-ajax/9.4.46.v20220331/jetty-util-ajax-9.4.46.v20220331.jar:/Users/gosha04/.m2/repository/org/eclipse/jetty/jetty-webapp/9.4.46.v20220331/jetty-webapp-9.4.46.v20220331.jar:/Users/gosha04/.m2/repository/org/eclipse/jetty/jetty-xml/9.4.46.v20220331/jetty-xml-9.4.46.v20220331.jar:/Users/gosha04/.m2/repository/org/eclipse/jetty/jetty-util/9.4.46.v20220331/jetty-util-9.4.46.v20220331.jar:/Users/gosha04/.m2/repository/net/bytebuddy/byte-buddy/1.14.19/byte-buddy-1.14.19.jar:/Users/gosha04/.m2/repository/net/bytebuddy/byte-buddy-agent/1.14.19/byte-buddy-agent-1.14.19.jar:"/>
    <property name="sun.cpu.endian" value="little"/>
    <property name="user.home" value="/Users/gosha04"/>
    <property name="user.language" value="en"/>
    <property name="java.specification.vendor" value="Oracle Corporation"/>
    <property name="java.version.date" value="2025-07-15"/>
    <property name="java.home" value="/Library/Java/JavaVirtualMachines/temurin-21.jdk/Contents/Home"/>
    <property name="file.separator" value="/"/>
    <property name="basedir" value="/Users/gosha04/Documents/CPSC_Courses/SE/se300-assignment2"/>
    <property name="java.vm.compressedOopsMode" value="Zero based"/>
    <property name="line.separator" value="&#10;"/>
    <property name="java.vm.specification.vendor" value="Oracle Corporation"/>
    <property name="java.specification.name" value="Java Platform API Specification"/>
    <property name="apple.awt.application.name" value="ForkedBooter"/>
    <property name="surefire.real.class.path" value="/Users/gosha04/Documents/CPSC_Courses/SE/se300-assignment2/target/surefire/surefirebooter-20251020022609357_3.jar"/>
    <property name="sun.management.compiler" value="HotSpot 64-Bit Tiered Compilers"/>
    <property name="ftp.nonProxyHosts" value="local|*.local|169.254/16|*.169.254/16"/>
    <property name="java.runtime.version" value="21.0.8+9-LTS"/>
    <property name="user.name" value="gosha04"/>
    <property name="stdout.encoding" value="UTF-8"/>
    <property name="path.separator" value=":"/>
    <property name="os.version" value="14.4.1"/>
    <property name="java.runtime.name" value="OpenJDK Runtime Environment"/>
    <property name="file.encoding" value="UTF-8"/>
    <property name="java.vm.name" value="OpenJDK 64-Bit Server VM"/>
    <property name="java.vendor.version" value="Temurin-21.0.8+9"/>
    <property name="localRepository" value="/Users/gosha04/.m2/repository"/>
    <property name="java.vendor.url.bug" value="https://github.com/adoptium/adoptium-support/issues"/>
    <property name="java.io.tmpdir" value="/var/folders/0q/qctdbk753pqdfmmb3qx_v2t00000gp/T/"/>
    <property name="java.version" value="21.0.8"/>
    <property name="user.dir" value="/Users/gosha04/Documents/CPSC_Courses/SE/se300-assignment2"/>
    <property name="os.arch" value="x86_64"/>
    <property name="java.vm.specification.name" value="Java Virtual Machine Specification"/>
    <property name="native.encoding" value="UTF-8"/>
    <property name="java.library.path" value="/Users/gosha04/Library/Java/Extensions:/Library/Java/Extensions:/Network/Library/Java/Extensions:/System/Library/Java/Extensions:/usr/lib/java:."/>
    <property name="java.vm.info" value="mixed mode"/>
    <property name="stderr.encoding" value="UTF-8"/>
    <property name="java.vendor" value="Eclipse Adoptium"/>
    <property name="java.vm.version" value="21.0.8+9-LTS"/>
    <property name="sun.io.unicode.encoding" value="UnicodeBig"/>
    <property name="socksNonProxyHosts" value="local|*.local|169.254/16|*.169.254/16"/>
    <property name="java.class.version" value="65.0"/>
  </properties>
  <testcase name="mockBehaviorTest" classname="com.se300.ledger.complete.CompleteTest" time="2.615">
    <system-out><![CDATA[Setting up...
Creating Ledger: test ledger test-Ledger test-ledger
Creating Account: test-account-A
Creating Account: test-account-B
Processing Transaction: init-transaction-1c731f6c-73b3-480a-b63a-ef3914108472 100 10 Initial test-account-A test-account-B

=== Running mockBehaviorTest ===

--- tearDown: cleaning up test ledger ---
]]></system-out>
  </testcase>
  <testcase name="repeatedTest(RepetitionInfo)[1]" classname="com.se300.ledger.complete.CompleteTest" time="0.088">
    <system-out><![CDATA[Setting up...
Creating Ledger: test ledger test-Ledger test-ledger
Creating Account: test-account-A
Creating Account: test-account-B
Processing Transaction: init-transaction-552cc785-3c1a-4fa6-a5c3-1ce6add99453 100 10 Initial test-account-A test-account-B

=== Running repeatedTest (ProcessTransactionLoadTest) repetition 1 ===

Running Repetition 1 of 10
Processing Transaction: 1-1 0 10 transaction 1 test-account-A test-account-B
Processing Transaction: 1-2 0 10 transaction 2 test-account-A test-account-B
Processing Transaction: 1-3 0 10 transaction 3 test-account-A test-account-B
Processing Transaction: 1-4 0 10 transaction 4 test-account-A test-account-B
Processing Transaction: 1-5 0 10 transaction 5 test-account-A test-account-B
Processing Transaction: 1-6 0 10 transaction 6 test-account-A test-account-B
Processing Transaction: 1-7 0 10 transaction 7 test-account-A test-account-B
Processing Transaction: 1-8 0 10 transaction 8 test-account-A test-account-B
Processing Transaction: 1-9 0 10 transaction 9 test-account-A test-account-B
Repetition 1 completed in 51 ms
--- tearDown: cleaning up test ledger ---
]]></system-out>
  </testcase>
  <testcase name="repeatedTest(RepetitionInfo)[2]" classname="com.se300.ledger.complete.CompleteTest" time="0.043">
    <system-out><![CDATA[Setting up...
Creating Ledger: test ledger test-Ledger test-ledger
Creating Account: test-account-A
Creating Account: test-account-B
Processing Transaction: init-transaction-66f258f9-5e9b-4d28-8421-e74b2a8e3a35 100 10 Initial test-account-A test-account-B

=== Running repeatedTest (ProcessTransactionLoadTest) repetition 2 ===

Running Repetition 2 of 10
Processing Transaction: 2-1 0 10 transaction 1 test-account-A test-account-B
Processing Transaction: 2-2 0 10 transaction 2 test-account-A test-account-B
Processing Transaction: 2-3 0 10 transaction 3 test-account-A test-account-B
Processing Transaction: 2-4 0 10 transaction 4 test-account-A test-account-B
Processing Transaction: 2-5 0 10 transaction 5 test-account-A test-account-B
Processing Transaction: 2-6 0 10 transaction 6 test-account-A test-account-B
Processing Transaction: 2-7 0 10 transaction 7 test-account-A test-account-B
Processing Transaction: 2-8 0 10 transaction 8 test-account-A test-account-B
Processing Transaction: 2-9 0 10 transaction 9 test-account-A test-account-B
Repetition 2 completed in 28 ms
--- tearDown: cleaning up test ledger ---
]]></system-out>
  </testcase>
  <testcase name="repeatedTest(RepetitionInfo)[3]" classname="com.se300.ledger.complete.CompleteTest" time="0.013">
    <system-out><![CDATA[Setting up...
Creating Ledger: test ledger test-Ledger test-ledger
Creating Account: test-account-A
Creating Account: test-account-B
Processing Transaction: init-transaction-40f2b2a4-fa28-48fa-a03a-8d698e9cc2b3 100 10 Initial test-account-A test-account-B

=== Running repeatedTest (ProcessTransactionLoadTest) repetition 3 ===

Running Repetition 3 of 10
Processing Transaction: 3-1 0 10 transaction 1 test-account-A test-account-B
Processing Transaction: 3-2 0 10 transaction 2 test-account-A test-account-B
Processing Transaction: 3-3 0 10 transaction 3 test-account-A test-account-B
Processing Transaction: 3-4 0 10 transaction 4 test-account-A test-account-B
Processing Transaction: 3-5 0 10 transaction 5 test-account-A test-account-B
Processing Transaction: 3-6 0 10 transaction 6 test-account-A test-account-B
Processing Transaction: 3-7 0 10 transaction 7 test-account-A test-account-B
Processing Transaction: 3-8 0 10 transaction 8 test-account-A test-account-B
Processing Transaction: 3-9 0 10 transaction 9 test-account-A test-account-B
Repetition 3 completed in 5 ms
--- tearDown: cleaning up test ledger ---
]]></system-out>
  </testcase>
  <testcase name="repeatedTest(RepetitionInfo)[4]" classname="com.se300.ledger.complete.CompleteTest" time="0.008">
    <system-out><![CDATA[Setting up...
Creating Ledger: test ledger test-Ledger test-ledger
Creating Account: test-account-A
Creating Account: test-account-B
Processing Transaction: init-transaction-73c80c4f-b03d-4c25-a18f-5501c5f9122d 100 10 Initial test-account-A test-account-B

=== Running repeatedTest (ProcessTransactionLoadTest) repetition 4 ===

Running Repetition 4 of 10
Processing Transaction: 4-1 0 10 transaction 1 test-account-A test-account-B
Processing Transaction: 4-2 0 10 transaction 2 test-account-A test-account-B
Processing Transaction: 4-3 0 10 transaction 3 test-account-A test-account-B
Processing Transaction: 4-4 0 10 transaction 4 test-account-A test-account-B
Processing Transaction: 4-5 0 10 transaction 5 test-account-A test-account-B
Processing Transaction: 4-6 0 10 transaction 6 test-account-A test-account-B
Processing Transaction: 4-7 0 10 transaction 7 test-account-A test-account-B
Processing Transaction: 4-8 0 10 transaction 8 test-account-A test-account-B
Processing Transaction: 4-9 0 10 transaction 9 test-account-A test-account-B
Repetition 4 completed in 5 ms
--- tearDown: cleaning up test ledger ---
]]></system-out>
  </testcase>
  <testcase name="repeatedTest(RepetitionInfo)[5]" classname="com.se300.ledger.complete.CompleteTest" time="0.009">
    <system-out><![CDATA[Setting up...
Creating Ledger: test ledger test-Ledger test-ledger
Creating Account: test-account-A
Creating Account: test-account-B
Processing Transaction: init-transaction-525b2021-fd8f-4eaa-bf17-354dfa8e9bf0 100 10 Initial test-account-A test-account-B

=== Running repeatedTest (ProcessTransactionLoadTest) repetition 5 ===

Running Repetition 5 of 10
Processing Transaction: 5-1 0 10 transaction 1 test-account-A test-account-B
Processing Transaction: 5-2 0 10 transaction 2 test-account-A test-account-B
Processing Transaction: 5-3 0 10 transaction 3 test-account-A test-account-B
Processing Transaction: 5-4 0 10 transaction 4 test-account-A test-account-B
Processing Transaction: 5-5 0 10 transaction 5 test-account-A test-account-B
Processing Transaction: 5-6 0 10 transaction 6 test-account-A test-account-B
Processing Transaction: 5-7 0 10 transaction 7 test-account-A test-account-B
Processing Transaction: 5-8 0 10 transaction 8 test-account-A test-account-B
Processing Transaction: 5-9 0 10 transaction 9 test-account-A test-account-B
Repetition 5 completed in 4 ms
--- tearDown: cleaning up test ledger ---
]]></system-out>
  </testcase>
  <testcase name="repeatedTest(RepetitionInfo)[6]" classname="com.se300.ledger.complete.CompleteTest" time="0.014">
    <system-out><![CDATA[Setting up...
Creating Ledger: test ledger test-Ledger test-ledger
Creating Account: test-account-A
Creating Account: test-account-B
Processing Transaction: init-transaction-8dc508a1-4c81-47fc-9c83-fad587a558c8 100 10 Initial test-account-A test-account-B

=== Running repeatedTest (ProcessTransactionLoadTest) repetition 6 ===

Running Repetition 6 of 10
Processing Transaction: 6-1 0 10 transaction 1 test-account-A test-account-B
Processing Transaction: 6-2 0 10 transaction 2 test-account-A test-account-B
Processing Transaction: 6-3 0 10 transaction 3 test-account-A test-account-B
Processing Transaction: 6-4 0 10 transaction 4 test-account-A test-account-B
Processing Transaction: 6-5 0 10 transaction 5 test-account-A test-account-B
Processing Transaction: 6-6 0 10 transaction 6 test-account-A test-account-B
Processing Transaction: 6-7 0 10 transaction 7 test-account-A test-account-B
Processing Transaction: 6-8 0 10 transaction 8 test-account-A test-account-B
Processing Transaction: 6-9 0 10 transaction 9 test-account-A test-account-B
Repetition 6 completed in 8 ms
--- tearDown: cleaning up test ledger ---
]]></system-out>
  </testcase>
  <testcase name="repeatedTest(RepetitionInfo)[7]" classname="com.se300.ledger.complete.CompleteTest" time="0.025">
    <system-out><![CDATA[Setting up...
Creating Ledger: test ledger test-Ledger test-ledger
Creating Account: test-account-A
Creating Account: test-account-B
Processing Transaction: init-transaction-6d627f65-54b1-476b-9d12-656d2d439e35 100 10 Initial test-account-A test-account-B

=== Running repeatedTest (ProcessTransactionLoadTest) repetition 7 ===

Running Repetition 7 of 10
Processing Transaction: 7-1 0 10 transaction 1 test-account-A test-account-B
Processing Transaction: 7-2 0 10 transaction 2 test-account-A test-account-B
Processing Transaction: 7-3 0 10 transaction 3 test-account-A test-account-B
Processing Transaction: 7-4 0 10 transaction 4 test-account-A test-account-B
Processing Transaction: 7-5 0 10 transaction 5 test-account-A test-account-B
Processing Transaction: 7-6 0 10 transaction 6 test-account-A test-account-B
Processing Transaction: 7-7 0 10 transaction 7 test-account-A test-account-B
Processing Transaction: 7-8 0 10 transaction 8 test-account-A test-account-B
Processing Transaction: 7-9 0 10 transaction 9 test-account-A test-account-B
Repetition 7 completed in 20 ms
--- tearDown: cleaning up test ledger ---
]]></system-out>
  </testcase>
  <testcase name="repeatedTest(RepetitionInfo)[8]" classname="com.se300.ledger.complete.CompleteTest" time="0.008">
    <system-out><![CDATA[Setting up...
Creating Ledger: test ledger test-Ledger test-ledger
Creating Account: test-account-A
Creating Account: test-account-B
Processing Transaction: init-transaction-49db3d80-ceb9-4f5a-8169-103ef32a5ed6 100 10 Initial test-account-A test-account-B

=== Running repeatedTest (ProcessTransactionLoadTest) repetition 8 ===

Running Repetition 8 of 10
Processing Transaction: 8-1 0 10 transaction 1 test-account-A test-account-B
Processing Transaction: 8-2 0 10 transaction 2 test-account-A test-account-B
Processing Transaction: 8-3 0 10 transaction 3 test-account-A test-account-B
Processing Transaction: 8-4 0 10 transaction 4 test-account-A test-account-B
Processing Transaction: 8-5 0 10 transaction 5 test-account-A test-account-B
Processing Transaction: 8-6 0 10 transaction 6 test-account-A test-account-B
Processing Transaction: 8-7 0 10 transaction 7 test-account-A test-account-B
Processing Transaction: 8-8 0 10 transaction 8 test-account-A test-account-B
Processing Transaction: 8-9 0 10 transaction 9 test-account-A test-account-B
Repetition 8 completed in 4 ms
--- tearDown: cleaning up test ledger ---
]]></system-out>
  </testcase>
  <testcase name="repeatedTest(RepetitionInfo)[9]" classname="com.se300.ledger.complete.CompleteTest" time="0.004">
    <system-out><![CDATA[Setting up...
Creating Ledger: test ledger test-Ledger test-ledger
Creating Account: test-account-A
Creating Account: test-account-B
Processing Transaction: init-transaction-7fea31e8-b847-4150-aaab-a102f73a8dd1 100 10 Initial test-account-A test-account-B

=== Running repeatedTest (ProcessTransactionLoadTest) repetition 9 ===

Running Repetition 9 of 10
Processing Transaction: 9-1 0 10 transaction 1 test-account-A test-account-B
Processing Transaction: 9-2 0 10 transaction 2 test-account-A test-account-B
Processing Transaction: 9-3 0 10 transaction 3 test-account-A test-account-B
Processing Transaction: 9-4 0 10 transaction 4 test-account-A test-account-B
Processing Transaction: 9-5 0 10 transaction 5 test-account-A test-account-B
Processing Transaction: 9-6 0 10 transaction 6 test-account-A test-account-B
Processing Transaction: 9-7 0 10 transaction 7 test-account-A test-account-B
Processing Transaction: 9-8 0 10 transaction 8 test-account-A test-account-B
Processing Transaction: 9-9 0 10 transaction 9 test-account-A test-account-B
Repetition 9 completed in 2 ms
--- tearDown: cleaning up test ledger ---
]]></system-out>
  </testcase>
  <testcase name="repeatedTest(RepetitionInfo)[10]" classname="com.se300.ledger.complete.CompleteTest" time="0.009">
    <system-out><![CDATA[Setting up...
Creating Ledger: test ledger test-Ledger test-ledger
Creating Account: test-account-A
Creating Account: test-account-B
Processing Transaction: init-transaction-6663baea-fecf-4e3c-b216-2d80bf7e9b71 100 10 Initial test-account-A test-account-B

=== Running repeatedTest (ProcessTransactionLoadTest) repetition 10 ===

Running Repetition 10 of 10
Processing Transaction: 10-1 0 10 transaction 1 test-account-A test-account-B
Processing Transaction: 10-2 0 10 transaction 2 test-account-A test-account-B
Processing Transaction: 10-3 0 10 transaction 3 test-account-A test-account-B
Processing Transaction: 10-4 0 10 transaction 4 test-account-A test-account-B
Processing Transaction: 10-5 0 10 transaction 5 test-account-A test-account-B
Processing Transaction: 10-6 0 10 transaction 6 test-account-A test-account-B
Processing Transaction: 10-7 0 10 transaction 7 test-account-A test-account-B
Processing Transaction: 10-8 0 10 transaction 8 test-account-A test-account-B
Processing Transaction: 10-9 0 10 transaction 9 test-account-A test-account-B
Repetition 10 completed in 2 ms
--- tearDown: cleaning up test ledger ---
]]></system-out>
  </testcase>
  <testcase name="lifeCycleTest" classname="com.se300.ledger.complete.CompleteTest" time="0.004">
    <system-out><![CDATA[Setting up...
Creating Ledger: test ledger test-Ledger test-ledger
Creating Account: test-account-A
Creating Account: test-account-B
Processing Transaction: init-transaction-cb7e4539-727f-4fac-b720-95c2576f6fa0 100 10 Initial test-account-A test-account-B

=== Running lifeCycleTest ===

--- tearDown: cleaning up test ledger ---
]]></system-out>
  </testcase>
  <testcase name="parameterizedComplexSourcesTest" classname="com.se300.ledger.complete.CompleteTest" time="0.004">
    <system-out><![CDATA[Setting up...
Creating Ledger: test ledger test-Ledger test-ledger
Creating Account: test-account-A
Creating Account: test-account-B
Processing Transaction: init-transaction-bf40fb50-caed-4540-9917-3047f7138839 100 10 Initial test-account-A test-account-B

=== Running parameterizedComplexSourcesTest ===

--- tearDown: cleaning up test ledger ---
]]></system-out>
  </testcase>
  <testcase name="taggedTest" classname="com.se300.ledger.complete.CompleteTest" time="0.004">
    <system-out><![CDATA[Setting up...
Creating Ledger: test ledger test-Ledger test-ledger
Creating Account: test-account-A
Creating Account: test-account-B
Processing Transaction: init-transaction-56d37be3-66e2-468b-bbdf-30b43c227195 100 10 Initial test-account-A test-account-B

=== Running taggedTest ===

--- tearDown: cleaning up test ledger ---
]]></system-out>
  </testcase>
  <testcase name="basicAssertionsTest" classname="com.se300.ledger.complete.CompleteTest" time="0.022">
    <system-out><![CDATA[Setting up...
Creating Ledger: test ledger test-Ledger test-ledger
Creating Account: test-account-A
Creating Account: test-account-B
Processing Transaction: init-transaction-66da4c1d-1f05-4e12-90b7-70882683f7f7 100 10 Initial test-account-A test-account-B

=== Running basicAssertionsTest ===

--- tearDown: cleaning up test ledger ---
]]></system-out>
    <system-err><![CDATA[java.lang.NullPointerException: Cannot invoke "String.getBytes()" because "str" is null
	at com.se300.ledger.MerkleTrees.getSHA2HexValue(MerkleTrees.java:77)
	at com.se300.ledger.complete.CompleteTest.basicAssertionsTest(CompleteTest.java:261)
	at java.base/jdk.internal.reflect.DirectMethodHandleAccessor.invoke(DirectMethodHandleAccessor.java:103)
	at java.base/java.lang.reflect.Method.invoke(Method.java:580)
	at org.junit.platform.commons.util.ReflectionUtils.invokeMethod(ReflectionUtils.java:787)
	at org.junit.platform.commons.support.ReflectionSupport.invokeMethod(ReflectionSupport.java:478)
	at org.junit.jupiter.engine.execution.MethodInvocation.proceed(MethodInvocation.java:60)
	at org.junit.jupiter.engine.execution.InvocationInterceptorChain$ValidatingInvocation.proceed(InvocationInterceptorChain.java:131)
	at org.junit.jupiter.engine.extension.TimeoutExtension.intercept(TimeoutExtension.java:161)
	at org.junit.jupiter.engine.extension.TimeoutExtension.interceptTestableMethod(TimeoutExtension.java:152)
	at org.junit.jupiter.engine.extension.TimeoutExtension.interceptTestMethod(TimeoutExtension.java:91)
	at org.junit.jupiter.engine.execution.InterceptingExecutableInvoker$ReflectiveInterceptorCall.lambda$ofVoidMethod$0(InterceptingExecutableInvoker.java:112)
	at org.junit.jupiter.engine.execution.InterceptingExecutableInvoker.lambda$invoke$0(InterceptingExecutableInvoker.java:94)
	at org.junit.jupiter.engine.execution.InvocationInterceptorChain$InterceptedInvocation.proceed(InvocationInterceptorChain.java:106)
	at org.junit.jupiter.engine.execution.InvocationInterceptorChain.proceed(InvocationInterceptorChain.java:64)
	at org.junit.jupiter.engine.execution.InvocationInterceptorChain.chainAndInvoke(InvocationInterceptorChain.java:45)
	at org.junit.jupiter.engine.execution.InvocationInterceptorChain.invoke(InvocationInterceptorChain.java:37)
	at org.junit.jupiter.engine.execution.InterceptingExecutableInvoker.invoke(InterceptingExecutableInvoker.java:93)
	at org.junit.jupiter.engine.execution.InterceptingExecutableInvoker.invoke(InterceptingExecutableInvoker.java:87)
	at org.junit.jupiter.engine.descriptor.TestMethodTestDescriptor.lambda$invokeTestMethod$4(TestMethodTestDescriptor.java:221)
	at org.junit.platform.engine.support.hierarchical.ThrowableCollector.execute(ThrowableCollector.java:73)
	at org.junit.jupiter.engine.descriptor.TestMethodTestDescriptor.invokeTestMethod(TestMethodTestDescriptor.java:217)
	at org.junit.jupiter.engine.descriptor.TestMethodTestDescriptor.execute(TestMethodTestDescriptor.java:159)
	at org.junit.jupiter.engine.descriptor.TestMethodTestDescriptor.execute(TestMethodTestDescriptor.java:70)
	at org.junit.platform.engine.support.hierarchical.NodeTestTask.lambda$executeRecursively$6(NodeTestTask.java:157)
	at org.junit.platform.engine.support.hierarchical.ThrowableCollector.execute(ThrowableCollector.java:73)
	at org.junit.platform.engine.support.hierarchical.NodeTestTask.lambda$executeRecursively$8(NodeTestTask.java:147)
	at org.junit.platform.engine.support.hierarchical.Node.around(Node.java:137)
	at org.junit.platform.engine.support.hierarchical.NodeTestTask.lambda$executeRecursively$9(NodeTestTask.java:145)
	at org.junit.platform.engine.support.hierarchical.ThrowableCollector.execute(ThrowableCollector.java:73)
	at org.junit.platform.engine.support.hierarchical.NodeTestTask.executeRecursively(NodeTestTask.java:144)
	at org.junit.platform.engine.support.hierarchical.NodeTestTask.execute(NodeTestTask.java:101)
	at java.base/java.util.ArrayList.forEach(ArrayList.java:1596)
	at org.junit.platform.engine.support.hierarchical.SameThreadHierarchicalTestExecutorService.invokeAll(SameThreadHierarchicalTestExecutorService.java:41)
	at org.junit.platform.engine.support.hierarchical.NodeTestTask.lambda$executeRecursively$6(NodeTestTask.java:161)
	at org.junit.platform.engine.support.hierarchical.ThrowableCollector.execute(ThrowableCollector.java:73)
	at org.junit.platform.engine.support.hierarchical.NodeTestTask.lambda$executeRecursively$8(NodeTestTask.java:147)
	at org.junit.platform.engine.support.hierarchical.Node.around(Node.java:137)
	at org.junit.platform.engine.support.hierarchical.NodeTestTask.lambda$executeRecursively$9(NodeTestTask.java:145)
	at org.junit.platform.engine.support.hierarchical.ThrowableCollector.execute(ThrowableCollector.java:73)
	at org.junit.platform.engine.support.hierarchical.NodeTestTask.executeRecursively(NodeTestTask.java:144)
	at org.junit.platform.engine.support.hierarchical.NodeTestTask.execute(NodeTestTask.java:101)
	at java.base/java.util.ArrayList.forEach(ArrayList.java:1596)
	at org.junit.platform.engine.support.hierarchical.SameThreadHierarchicalTestExecutorService.invokeAll(SameThreadHierarchicalTestExecutorService.java:41)
	at org.junit.platform.engine.support.hierarchical.NodeTestTask.lambda$executeRecursively$6(NodeTestTask.java:161)
	at org.junit.platform.engine.support.hierarchical.ThrowableCollector.execute(ThrowableCollector.java:73)
	at org.junit.platform.engine.support.hierarchical.NodeTestTask.lambda$executeRecursively$8(NodeTestTask.java:147)
	at org.junit.platform.engine.support.hierarchical.Node.around(Node.java:137)
	at org.junit.platform.engine.support.hierarchical.NodeTestTask.lambda$executeRecursively$9(NodeTestTask.java:145)
	at org.junit.platform.engine.support.hierarchical.ThrowableCollector.execute(ThrowableCollector.java:73)
	at org.junit.platform.engine.support.hierarchical.NodeTestTask.executeRecursively(NodeTestTask.java:144)
	at org.junit.platform.engine.support.hierarchical.NodeTestTask.execute(NodeTestTask.java:101)
	at org.junit.platform.engine.support.hierarchical.SameThreadHierarchicalTestExecutorService.submit(SameThreadHierarchicalTestExecutorService.java:35)
	at org.junit.platform.engine.support.hierarchical.HierarchicalTestExecutor.execute(HierarchicalTestExecutor.java:57)
	at org.junit.platform.engine.support.hierarchical.HierarchicalTestEngine.execute(HierarchicalTestEngine.java:54)
	at org.junit.platform.launcher.core.EngineExecutionOrchestrator.executeEngine(EngineExecutionOrchestrator.java:230)
	at org.junit.platform.launcher.core.EngineExecutionOrchestrator.failOrExecuteEngine(EngineExecutionOrchestrator.java:204)
	at org.junit.platform.launcher.core.EngineExecutionOrchestrator.execute(EngineExecutionOrchestrator.java:172)
	at org.junit.platform.launcher.core.EngineExecutionOrchestrator.execute(EngineExecutionOrchestrator.java:101)
	at org.junit.platform.launcher.core.EngineExecutionOrchestrator.lambda$execute$0(EngineExecutionOrchestrator.java:64)
	at org.junit.platform.launcher.core.EngineExecutionOrchestrator.withInterceptedStreams(EngineExecutionOrchestrator.java:150)
	at org.junit.platform.launcher.core.EngineExecutionOrchestrator.execute(EngineExecutionOrchestrator.java:63)
	at org.junit.platform.launcher.core.DefaultLauncher.execute(DefaultLauncher.java:109)
	at org.junit.platform.launcher.core.DefaultLauncher.execute(DefaultLauncher.java:91)
	at org.junit.platform.launcher.core.DelegatingLauncher.execute(DelegatingLauncher.java:47)
	at org.junit.platform.launcher.core.InterceptingLauncher.lambda$execute$1(InterceptingLauncher.java:39)
	at org.junit.platform.launcher.core.ClasspathAlignmentCheckingLauncherInterceptor.intercept(ClasspathAlignmentCheckingLauncherInterceptor.java:25)
	at org.junit.platform.launcher.core.InterceptingLauncher.execute(InterceptingLauncher.java:38)
	at org.junit.platform.launcher.core.DelegatingLauncher.execute(DelegatingLauncher.java:47)
	at org.apache.maven.surefire.junitplatform.LazyLauncher.execute(LazyLauncher.java:56)
	at org.apache.maven.surefire.junitplatform.JUnitPlatformProvider.execute(JUnitPlatformProvider.java:194)
	at org.apache.maven.surefire.junitplatform.JUnitPlatformProvider.invokeAllTests(JUnitPlatformProvider.java:150)
	at org.apache.maven.surefire.junitplatform.JUnitPlatformProvider.invoke(JUnitPlatformProvider.java:122)
	at org.apache.maven.surefire.booter.ForkedBooter.runSuitesInProcess(ForkedBooter.java:385)
	at org.apache.maven.surefire.booter.ForkedBooter.execute(ForkedBooter.java:162)
	at org.apache.maven.surefire.booter.ForkedBooter.run(ForkedBooter.java:507)
	at org.apache.maven.surefire.booter.ForkedBooter.main(ForkedBooter.java:495)
]]></system-err>
  </testcase>
  <testcase name="assumptionsTest" classname="com.se300.ledger.complete.CompleteTest" time="0.007">
    <system-out><![CDATA[Setting up...
Creating Ledger: test ledger test-Ledger test-ledger
Creating Account: test-account-A
Creating Account: test-account-B
Processing Transaction: init-transaction-20719683-b95c-4527-86f4-668f1830fbe6 100 10 Initial test-account-A test-account-B

=== Running assumptionsTest ===

--- tearDown: cleaning up test ledger ---
]]></system-out>
  </testcase>
  <testcase name="methodOrderTest" classname="com.se300.ledger.complete.CompleteTest" time="0.003">
    <system-out><![CDATA[Setting up...
Creating Ledger: test ledger test-Ledger test-ledger
Creating Account: test-account-A
Creating Account: test-account-B
Processing Transaction: init-transaction-f2829e46-b5b2-411b-8a73-535d7d16f3b2 100 10 Initial test-account-A test-account-B

=== Running methodOrderTest ===

--- tearDown: cleaning up test ledger ---
]]></system-out>
  </testcase>
  <testcase name="parameterizedValueSourcesTest(String)[1]" classname="com.se300.ledger.complete.CompleteTest" time="0.025">
    <system-out><![CDATA[Setting up...
Creating Ledger: test ledger test-Ledger test-ledger
Creating Account: test-account-A
Creating Account: test-account-B
Processing Transaction: init-transaction-85bfb8cc-e8c0-4dda-9464-e2447520cc1f 100 10 Initial test-account-A test-account-B

=== Running parameterizedValueSourcesTest: creating account 'mary' ===

Creating Account: mary
--- tearDown: cleaning up test ledger ---
]]></system-out>
  </testcase>
  <testcase name="parameterizedValueSourcesTest(String)[2]" classname="com.se300.ledger.complete.CompleteTest" time="0.005">
    <system-out><![CDATA[Setting up...
Creating Ledger: test ledger test-Ledger test-ledger
Creating Account: test-account-A
Creating Account: test-account-B
Processing Transaction: init-transaction-d0d3b5a9-175f-467e-9484-2b9406828390 100 10 Initial test-account-A test-account-B

=== Running parameterizedValueSourcesTest: creating account 'bob' ===

Creating Account: bob
--- tearDown: cleaning up test ledger ---
]]></system-out>
  </testcase>
  <testcase name="parameterizedValueSourcesTest(String)[3]" classname="com.se300.ledger.complete.CompleteTest" time="0.003">
    <system-out><![CDATA[Setting up...
Creating Ledger: test ledger test-Ledger test-ledger
Creating Account: test-account-A
Creating Account: test-account-B
Processing Transaction: init-transaction-a8814825-67b0-4d92-b1fe-6c3789900c45 100 10 Initial test-account-A test-account-B

=== Running parameterizedValueSourcesTest: creating account 'bill' ===

Creating Account: bill
--- tearDown: cleaning up test ledger ---
]]></system-out>
  </testcase>
  <testcase name="parameterizedValueSourcesTest(String)[4]" classname="com.se300.ledger.complete.CompleteTest" time="0.003">
    <system-out><![CDATA[Setting up...
Creating Ledger: test ledger test-Ledger test-ledger
Creating Account: test-account-A
Creating Account: test-account-B
Processing Transaction: init-transaction-a6579c1b-caca-4b38-a5ed-6e97922babc0 100 10 Initial test-account-A test-account-B

=== Running parameterizedValueSourcesTest: creating account 'frank' ===

Creating Account: frank
--- tearDown: cleaning up test ledger ---
]]></system-out>
  </testcase>
  <testcase name="parameterizedValueSourcesTest(String)[5]" classname="com.se300.ledger.complete.CompleteTest" time="0.01">
    <system-out><![CDATA[Setting up...
Creating Ledger: test ledger test-Ledger test-ledger
Creating Account: test-account-A
Creating Account: test-account-B
Processing Transaction: init-transaction-4592875f-0f40-42ba-82a1-ec54dfc6e059 100 10 Initial test-account-A test-account-B

=== Running parameterizedValueSourcesTest: creating account 'jane' ===

Creating Account: jane
--- tearDown: cleaning up test ledger ---
]]></system-out>
  </testcase>
  <testcase name="conditionalTest" classname="com.se300.ledger.complete.CompleteTest" time="0.003">
    <system-out><![CDATA[Setting up...
Creating Ledger: test ledger test-Ledger test-ledger
Creating Account: test-account-A
Creating Account: test-account-B
Processing Transaction: init-transaction-81a54eae-d8c4-478c-82c2-09bcd26d7059 100 10 Initial test-account-A test-account-B

=== Running conditionalTest ===

--- tearDown: cleaning up test ledger ---
]]></system-out>
  </testcase>
  <testcase name="advancedAssertionsTest" classname="com.se300.ledger.complete.CompleteTest" time="0.046">
    <system-out><![CDATA[Setting up...
Creating Ledger: test ledger test-Ledger test-ledger
Creating Account: test-account-A
Creating Account: test-account-B
Processing Transaction: init-transaction-ec2052d6-d087-42f5-a96e-9d5f1912f934 100 10 Initial test-account-A test-account-B

=== Running advancedAssertionsTest ===

Processing: createAccount for address: test-account-A
Throwing Exception: Account already exists for address: test-account-A
Processing Transaction: maximum value -2147483648 10 max int maximumPay maxReciever
--- tearDown: cleaning up test ledger ---
]]></system-out>
  </testcase>
  <testcase name="mockArgumentMatchersTest" classname="com.se300.ledger.complete.CompleteTest" time="0.002">
    <system-out><![CDATA[Setting up...
Creating Ledger: test ledger test-Ledger test-ledger
Creating Account: test-account-A
Creating Account: test-account-B
Processing Transaction: init-transaction-5300cc77-64c1-475c-bfa7-9e16bc6a0950 100 10 Initial test-account-A test-account-B

=== Running mockArgumentMatchersTest ===

--- tearDown: cleaning up test ledger ---
]]></system-out>
  </testcase>
  <testcase name="mockVerificationTest" classname="com.se300.ledger.complete.CompleteTest" time="0.002">
    <system-out><![CDATA[Setting up...
Creating Ledger: test ledger test-Ledger test-ledger
Creating Account: test-account-A
Creating Account: test-account-B
Processing Transaction: init-transaction-5a663e3c-1ecd-493b-9619-1e39a70c4ec7 100 10 Initial test-account-A test-account-B

=== Running mockVerificationTest ===

--- tearDown: cleaning up test ledger ---
]]></system-out>
  </testcase>
</testsuite>