<?xml version="1.0" encoding="UTF-8"?>
<testsuite xmlns:xsi="http://www.w3.org/2001/XMLSchema-instance" xsi:noNamespaceSchemaLocation="https://maven.apache.org/surefire/maven-surefire-plugin/xsd/surefire-test-report.xsd" version="3.0.2" name="com.se300.ledger.complete.CompleteTest" time="2.336" tests="26" errors="1" skipped="0" failures="0">
  <properties>
    <property name="java.specification.version" value="24"/>
    <property name="sun.jnu.encoding" value="UTF-8"/>
    <property name="java.class.path" value="/Users/gosha04/Documents/CPSC_Courses/SE/se300-assignment2/target/test-classes:/Users/gosha04/Documents/CPSC_Courses/SE/se300-assignment2/target/classes:/Users/gosha04/.m2/repository/org/hsqldb/hsqldb/2.7.1/hsqldb-2.7.1.jar:/Users/gosha04/.m2/repository/org/assertj/assertj-core/3.24.2/assertj-core-3.24.2.jar:/Users/gosha04/.m2/repository/net/bytebuddy/byte-buddy/1.12.21/byte-buddy-1.12.21.jar:/Users/gosha04/.m2/repository/org/junit/jupiter/junit-jupiter-params/5.13.4/junit-jupiter-params-5.13.4.jar:/Users/gosha04/.m2/repository/org/apiguardian/apiguardian-api/1.1.2/apiguardian-api-1.1.2.jar:/Users/gosha04/.m2/repository/org/mockito/mockito-core/5.20.0/mockito-core-5.20.0.jar:/Users/gosha04/.m2/repository/org/objenesis/objenesis/3.3/objenesis-3.3.jar:/Users/gosha04/.m2/repository/org/mockito/mockito-inline/5.2.0/mockito-inline-5.2.0.jar:/Users/gosha04/.m2/repository/org/junit/jupiter/junit-jupiter-api/5.13.4/junit-jupiter-api-5.13.4.jar:/Users/gosha04/.m2/repository/org/opentest4j/opentest4j/1.3.0/opentest4j-1.3.0.jar:/Users/gosha04/.m2/repository/org/junit/platform/junit-platform-commons/1.13.4/junit-platform-commons-1.13.4.jar:/Users/gosha04/.m2/repository/org/junit/jupiter/junit-jupiter-engine/5.13.4/junit-jupiter-engine-5.13.4.jar:/Users/gosha04/.m2/repository/org/junit/platform/junit-platform-engine/1.13.4/junit-platform-engine-1.13.4.jar:/Users/gosha04/.m2/repository/org/apache/maven/plugins/maven-project-info-reports-plugin/3.4.5/maven-project-info-reports-plugin-3.4.5.jar:/Users/gosha04/.m2/repository/org/apache/maven/reporting/maven-reporting-api/3.1.1/maven-reporting-api-3.1.1.jar:/Users/gosha04/.m2/repository/org/apache/maven/reporting/maven-reporting-impl/3.2.0/maven-reporting-impl-3.2.0.jar:/Users/gosha04/.m2/repository/org/apache/maven/maven-artifact/3.1.0/maven-artifact-3.1.0.jar:/Users/gosha04/.m2/repository/org/apache/maven/maven-plugin-api/3.1.0/maven-plugin-api-3.1.0.jar:/Users/gosha04/.m2/repository/org/eclipse/sisu/org.eclipse.sisu.plexus/0.0.0.M2a/org.eclipse.sisu.plexus-0.0.0.M2a.jar:/Users/gosha04/.m2/repository/javax/enterprise/cdi-api/1.0/cdi-api-1.0.jar:/Users/gosha04/.m2/repository/javax/annotation/jsr250-api/1.0/jsr250-api-1.0.jar:/Users/gosha04/.m2/repository/com/google/guava/guava/10.0.1/guava-10.0.1.jar:/Users/gosha04/.m2/repository/com/google/code/findbugs/jsr305/1.3.9/jsr305-1.3.9.jar:/Users/gosha04/.m2/repository/org/sonatype/sisu/sisu-guice/3.1.0/sisu-guice-3.1.0-no_aop.jar:/Users/gosha04/.m2/repository/aopalliance/aopalliance/1.0/aopalliance-1.0.jar:/Users/gosha04/.m2/repository/org/eclipse/sisu/org.eclipse.sisu.inject/0.0.0.M2a/org.eclipse.sisu.inject-0.0.0.M2a.jar:/Users/gosha04/.m2/repository/asm/asm/3.3.1/asm-3.3.1.jar:/Users/gosha04/.m2/repository/org/apache/maven/shared/maven-dependency-tree/3.2.1/maven-dependency-tree-3.2.1.jar:/Users/gosha04/.m2/repository/org/eclipse/aether/aether-util/1.0.0.v20140518/aether-util-1.0.0.v20140518.jar:/Users/gosha04/.m2/repository/org/slf4j/slf4j-api/1.7.36/slf4j-api-1.7.36.jar:/Users/gosha04/.m2/repository/org/apache/maven/shared/maven-shared-jar/3.0.0/maven-shared-jar-3.0.0.jar:/Users/gosha04/.m2/repository/javax/inject/javax.inject/1/javax.inject-1.jar:/Users/gosha04/.m2/repository/commons-codec/commons-codec/1.15/commons-codec-1.15.jar:/Users/gosha04/.m2/repository/org/apache/bcel/bcel/6.7.0/bcel-6.7.0.jar:/Users/gosha04/.m2/repository/org/apache/commons/commons-collections4/4.4/commons-collections4-4.4.jar:/Users/gosha04/.m2/repository/org/eclipse/aether/aether-api/1.0.0.v20140518/aether-api-1.0.0.v20140518.jar:/Users/gosha04/.m2/repository/org/apache/maven/shared/maven-common-artifact-filters/3.3.2/maven-common-artifact-filters-3.3.2.jar:/Users/gosha04/.m2/repository/org/apache/maven/shared/maven-artifact-transfer/0.13.1/maven-artifact-transfer-0.13.1.jar:/Users/gosha04/.m2/repository/org/apache/maven/maven-core/3.0/maven-core-3.0.jar:/Users/gosha04/.m2/repository/org/apache/maven/maven-repository-metadata/3.0/maven-repository-metadata-3.0.jar:/Users/gosha04/.m2/repository/org/apache/maven/maven-model-builder/3.0/maven-model-builder-3.0.jar:/Users/gosha04/.m2/repository/org/apache/maven/maven-aether-provider/3.0/maven-aether-provider-3.0.jar:/Users/gosha04/.m2/repository/org/sonatype/aether/aether-impl/1.7/aether-impl-1.7.jar:/Users/gosha04/.m2/repository/org/sonatype/aether/aether-spi/1.7/aether-spi-1.7.jar:/Users/gosha04/.m2/repository/org/sonatype/aether/aether-api/1.7/aether-api-1.7.jar:/Users/gosha04/.m2/repository/org/sonatype/aether/aether-util/1.7/aether-util-1.7.jar:/Users/gosha04/.m2/repository/org/sonatype/sisu/sisu-inject-plexus/1.4.2/sisu-inject-plexus-1.4.2.jar:/Users/gosha04/.m2/repository/org/sonatype/sisu/sisu-inject-bean/1.4.2/sisu-inject-bean-1.4.2.jar:/Users/gosha04/.m2/repository/org/sonatype/sisu/sisu-guice/2.1.7/sisu-guice-2.1.7-noaop.jar:/Users/gosha04/.m2/repository/org/codehaus/plexus/plexus-classworlds/2.2.3/plexus-classworlds-2.2.3.jar:/Users/gosha04/.m2/repository/org/sonatype/plexus/plexus-sec-dispatcher/1.3/plexus-sec-dispatcher-1.3.jar:/Users/gosha04/.m2/repository/org/sonatype/plexus/plexus-cipher/1.4/plexus-cipher-1.4.jar:/Users/gosha04/.m2/repository/org/codehaus/plexus/plexus-component-annotations/2.0.0/plexus-component-annotations-2.0.0.jar:/Users/gosha04/.m2/repository/org/apache/maven/scm/maven-scm-api/1.13.0/maven-scm-api-1.13.0.jar:/Users/gosha04/.m2/repository/org/apache/maven/scm/maven-scm-manager-plexus/1.13.0/maven-scm-manager-plexus-1.13.0.jar:/Users/gosha04/.m2/repository/org/apache/maven/scm/maven-scm-provider-hg/1.13.0/maven-scm-provider-hg-1.13.0.jar:/Users/gosha04/.m2/repository/org/apache/maven/scm/maven-scm-provider-perforce/1.13.0/maven-scm-provider-perforce-1.13.0.jar:/Users/gosha04/.m2/repository/org/apache/maven/scm/maven-scm-provider-starteam/1.13.0/maven-scm-provider-starteam-1.13.0.jar:/Users/gosha04/.m2/repository/org/apache/maven/scm/maven-scm-provider-svn-commons/1.13.0/maven-scm-provider-svn-commons-1.13.0.jar:/Users/gosha04/.m2/repository/org/apache/maven/scm/maven-scm-provider-svnexe/1.13.0/maven-scm-provider-svnexe-1.13.0.jar:/Users/gosha04/.m2/repository/commons-lang/commons-lang/2.6/commons-lang-2.6.jar:/Users/gosha04/.m2/repository/org/apache/maven/scm/maven-scm-provider-cvs-commons/1.13.0/maven-scm-provider-cvs-commons-1.13.0.jar:/Users/gosha04/.m2/repository/org/apache/maven/scm/maven-scm-provider-cvsexe/1.13.0/maven-scm-provider-cvsexe-1.13.0.jar:/Users/gosha04/.m2/repository/org/apache/maven/scm/maven-scm-provider-cvsjava/1.13.0/maven-scm-provider-cvsjava-1.13.0.jar:/Users/gosha04/.m2/repository/org/netbeans/lib/cvsclient/20060125/cvsclient-20060125.jar:/Users/gosha04/.m2/repository/ch/ethz/ganymed/ganymed-ssh2/build210/ganymed-ssh2-build210.jar:/Users/gosha04/.m2/repository/org/apache/maven/scm/maven-scm-provider-git-commons/1.13.0/maven-scm-provider-git-commons-1.13.0.jar:/Users/gosha04/.m2/repository/org/apache/maven/scm/maven-scm-provider-gitexe/1.13.0/maven-scm-provider-gitexe-1.13.0.jar:/Users/gosha04/.m2/repository/commons-io/commons-io/2.6/commons-io-2.6.jar:/Users/gosha04/.m2/repository/org/apache/maven/doxia/doxia-sink-api/1.11.1/doxia-sink-api-1.11.1.jar:/Users/gosha04/.m2/repository/org/apache/maven/doxia/doxia-logging-api/1.11.1/doxia-logging-api-1.11.1.jar:/Users/gosha04/.m2/repository/org/apache/maven/doxia/doxia-core/1.11.1/doxia-core-1.11.1.jar:/Users/gosha04/.m2/repository/org/apache/commons/commons-lang3/3.8.1/commons-lang3-3.8.1.jar:/Users/gosha04/.m2/repository/org/apache/commons/commons-text/1.3/commons-text-1.3.jar:/Users/gosha04/.m2/repository/org/apache/httpcomponents/httpclient/4.5.13/httpclient-4.5.13.jar:/Users/gosha04/.m2/repository/org/apache/httpcomponents/httpcore/4.4.14/httpcore-4.4.14.jar:/Users/gosha04/.m2/repository/org/apache/maven/doxia/doxia-decoration-model/1.11.1/doxia-decoration-model-1.11.1.jar:/Users/gosha04/.m2/repository/org/apache/maven/doxia/doxia-site-renderer/1.11.1/doxia-site-renderer-1.11.1.jar:/Users/gosha04/.m2/repository/org/apache/maven/doxia/doxia-skin-model/1.11.1/doxia-skin-model-1.11.1.jar:/Users/gosha04/.m2/repository/org/codehaus/plexus/plexus-velocity/1.2/plexus-velocity-1.2.jar:/Users/gosha04/.m2/repository/org/apache/velocity/velocity/1.7/velocity-1.7.jar:/Users/gosha04/.m2/repository/org/apache/velocity/velocity-tools/2.0/velocity-tools-2.0.jar:/Users/gosha04/.m2/repository/commons-chain/commons-chain/1.1/commons-chain-1.1.jar:/Users/gosha04/.m2/repository/dom4j/dom4j/1.1/dom4j-1.1.jar:/Users/gosha04/.m2/repository/oro/oro/2.0.8/oro-2.0.8.jar:/Users/gosha04/.m2/repository/commons-collections/commons-collections/3.2.2/commons-collections-3.2.2.jar:/Users/gosha04/.m2/repository/org/apache/maven/doxia/doxia-integration-tools/1.11.1/doxia-integration-tools-1.11.1.jar:/Users/gosha04/.m2/repository/org/apache/maven/maven-model/2.2.1/maven-model-2.2.1.jar:/Users/gosha04/.m2/repository/org/codehaus/plexus/plexus-i18n/1.0-beta-10/plexus-i18n-1.0-beta-10.jar:/Users/gosha04/.m2/repository/org/codehaus/plexus/plexus-utils/3.5.1/plexus-utils-3.5.1.jar:/Users/gosha04/.m2/repository/org/codehaus/plexus/plexus-interpolation/1.26/plexus-interpolation-1.26.jar:/Users/gosha04/.m2/repository/commons-validator/commons-validator/1.7/commons-validator-1.7.jar:/Users/gosha04/.m2/repository/commons-beanutils/commons-beanutils/1.9.4/commons-beanutils-1.9.4.jar:/Users/gosha04/.m2/repository/commons-digester/commons-digester/2.1/commons-digester-2.1.jar:/Users/gosha04/.m2/repository/commons-logging/commons-logging/1.2/commons-logging-1.2.jar:/Users/gosha04/.m2/repository/org/apache/maven/plugins/maven-site-plugin/3.12.1/maven-site-plugin-3.12.1.jar:/Users/gosha04/.m2/repository/org/apache/maven/reporting/maven-reporting-exec/1.6.0/maven-reporting-exec-1.6.0.jar:/Users/gosha04/.m2/repository/org/apache/maven/maven-settings/3.2.5/maven-settings-3.2.5.jar:/Users/gosha04/.m2/repository/org/apache/maven/maven-settings-builder/3.2.5/maven-settings-builder-3.2.5.jar:/Users/gosha04/.m2/repository/org/apache/maven/shared/maven-shared-utils/3.3.4/maven-shared-utils-3.3.4.jar:/Users/gosha04/.m2/repository/org/apache/maven/maven-archiver/3.5.2/maven-archiver-3.5.2.jar:/Users/gosha04/.m2/repository/org/apache/commons/commons-compress/1.20/commons-compress-1.20.jar:/Users/gosha04/.m2/repository/org/codehaus/plexus/plexus-archiver/4.2.7/plexus-archiver-4.2.7.jar:/Users/gosha04/.m2/repository/org/codehaus/plexus/plexus-io/3.2.0/plexus-io-3.2.0.jar:/Users/gosha04/.m2/repository/org/iq80/snappy/snappy/0.4/snappy-0.4.jar:/Users/gosha04/.m2/repository/org/tukaani/xz/1.9/xz-1.9.jar:/Users/gosha04/.m2/repository/org/apache/maven/doxia/doxia-module-xhtml/1.11.1/doxia-module-xhtml-1.11.1.jar:/Users/gosha04/.m2/repository/org/apache/maven/doxia/doxia-module-xhtml5/1.11.1/doxia-module-xhtml5-1.11.1.jar:/Users/gosha04/.m2/repository/org/apache/maven/doxia/doxia-module-apt/1.11.1/doxia-module-apt-1.11.1.jar:/Users/gosha04/.m2/repository/org/apache/maven/doxia/doxia-module-xdoc/1.11.1/doxia-module-xdoc-1.11.1.jar:/Users/gosha04/.m2/repository/org/apache/maven/doxia/doxia-module-fml/1.11.1/doxia-module-fml-1.11.1.jar:/Users/gosha04/.m2/repository/org/apache/maven/doxia/doxia-module-markdown/1.11.1/doxia-module-markdown-1.11.1.jar:/Users/gosha04/.m2/repository/com/vladsch/flexmark/flexmark-all/0.42.14/flexmark-all-0.42.14.jar:/Users/gosha04/.m2/repository/com/vladsch/flexmark/flexmark/0.42.14/flexmark-0.42.14.jar:/Users/gosha04/.m2/repository/com/vladsch/flexmark/flexmark-ext-abbreviation/0.42.14/flexmark-ext-abbreviation-0.42.14.jar:/Users/gosha04/.m2/repository/com/vladsch/flexmark/flexmark-ext-admonition/0.42.14/flexmark-ext-admonition-0.42.14.jar:/Users/gosha04/.m2/repository/com/vladsch/flexmark/flexmark-ext-anchorlink/0.42.14/flexmark-ext-anchorlink-0.42.14.jar:/Users/gosha04/.m2/repository/com/vladsch/flexmark/flexmark-ext-aside/0.42.14/flexmark-ext-aside-0.42.14.jar:/Users/gosha04/.m2/repository/com/vladsch/flexmark/flexmark-ext-attributes/0.42.14/flexmark-ext-attributes-0.42.14.jar:/Users/gosha04/.m2/repository/com/vladsch/flexmark/flexmark-ext-autolink/0.42.14/flexmark-ext-autolink-0.42.14.jar:/Users/gosha04/.m2/repository/org/nibor/autolink/autolink/0.6.0/autolink-0.6.0.jar:/Users/gosha04/.m2/repository/com/vladsch/flexmark/flexmark-ext-definition/0.42.14/flexmark-ext-definition-0.42.14.jar:/Users/gosha04/.m2/repository/com/vladsch/flexmark/flexmark-ext-emoji/0.42.14/flexmark-ext-emoji-0.42.14.jar:/Users/gosha04/.m2/repository/com/vladsch/flexmark/flexmark-ext-enumerated-reference/0.42.14/flexmark-ext-enumerated-reference-0.42.14.jar:/Users/gosha04/.m2/repository/com/vladsch/flexmark/flexmark-ext-escaped-character/0.42.14/flexmark-ext-escaped-character-0.42.14.jar:/Users/gosha04/.m2/repository/com/vladsch/flexmark/flexmark-ext-footnotes/0.42.14/flexmark-ext-footnotes-0.42.14.jar:/Users/gosha04/.m2/repository/com/vladsch/flexmark/flexmark-ext-gfm-issues/0.42.14/flexmark-ext-gfm-issues-0.42.14.jar:/Users/gosha04/.m2/repository/com/vladsch/flexmark/flexmark-ext-gfm-strikethrough/0.42.14/flexmark-ext-gfm-strikethrough-0.42.14.jar:/Users/gosha04/.m2/repository/com/vladsch/flexmark/flexmark-ext-gfm-tables/0.42.14/flexmark-ext-gfm-tables-0.42.14.jar:/Users/gosha04/.m2/repository/com/vladsch/flexmark/flexmark-ext-gfm-tasklist/0.42.14/flexmark-ext-gfm-tasklist-0.42.14.jar:/Users/gosha04/.m2/repository/com/vladsch/flexmark/flexmark-ext-gfm-users/0.42.14/flexmark-ext-gfm-users-0.42.14.jar:/Users/gosha04/.m2/repository/com/vladsch/flexmark/flexmark-ext-gitlab/0.42.14/flexmark-ext-gitlab-0.42.14.jar:/Users/gosha04/.m2/repository/com/vladsch/flexmark/flexmark-ext-jekyll-front-matter/0.42.14/flexmark-ext-jekyll-front-matter-0.42.14.jar:/Users/gosha04/.m2/repository/com/vladsch/flexmark/flexmark-ext-jekyll-tag/0.42.14/flexmark-ext-jekyll-tag-0.42.14.jar:/Users/gosha04/.m2/repository/com/vladsch/flexmark/flexmark-ext-media-tags/0.42.14/flexmark-ext-media-tags-0.42.14.jar:/Users/gosha04/.m2/repository/com/vladsch/flexmark/flexmark-ext-macros/0.42.14/flexmark-ext-macros-0.42.14.jar:/Users/gosha04/.m2/repository/com/vladsch/flexmark/flexmark-ext-ins/0.42.14/flexmark-ext-ins-0.42.14.jar:/Users/gosha04/.m2/repository/com/vladsch/flexmark/flexmark-ext-xwiki-macros/0.42.14/flexmark-ext-xwiki-macros-0.42.14.jar:/Users/gosha04/.m2/repository/com/vladsch/flexmark/flexmark-ext-superscript/0.42.14/flexmark-ext-superscript-0.42.14.jar:/Users/gosha04/.m2/repository/com/vladsch/flexmark/flexmark-ext-tables/0.42.14/flexmark-ext-tables-0.42.14.jar:/Users/gosha04/.m2/repository/com/vladsch/flexmark/flexmark-ext-toc/0.42.14/flexmark-ext-toc-0.42.14.jar:/Users/gosha04/.m2/repository/com/vladsch/flexmark/flexmark-ext-typographic/0.42.14/flexmark-ext-typographic-0.42.14.jar:/Users/gosha04/.m2/repository/com/vladsch/flexmark/flexmark-ext-wikilink/0.42.14/flexmark-ext-wikilink-0.42.14.jar:/Users/gosha04/.m2/repository/com/vladsch/flexmark/flexmark-ext-yaml-front-matter/0.42.14/flexmark-ext-yaml-front-matter-0.42.14.jar:/Users/gosha04/.m2/repository/com/vladsch/flexmark/flexmark-ext-youtube-embedded/0.42.14/flexmark-ext-youtube-embedded-0.42.14.jar:/Users/gosha04/.m2/repository/com/vladsch/flexmark/flexmark-formatter/0.42.14/flexmark-formatter-0.42.14.jar:/Users/gosha04/.m2/repository/com/vladsch/flexmark/flexmark-html-parser/0.42.14/flexmark-html-parser-0.42.14.jar:/Users/gosha04/.m2/repository/org/jsoup/jsoup/1.10.2/jsoup-1.10.2.jar:/Users/gosha04/.m2/repository/com/vladsch/flexmark/flexmark-jira-converter/0.42.14/flexmark-jira-converter-0.42.14.jar:/Users/gosha04/.m2/repository/com/vladsch/flexmark/flexmark-profile-pegdown/0.42.14/flexmark-profile-pegdown-0.42.14.jar:/Users/gosha04/.m2/repository/com/vladsch/flexmark/flexmark-util/0.42.14/flexmark-util-0.42.14.jar:/Users/gosha04/.m2/repository/com/vladsch/flexmark/flexmark-youtrack-converter/0.42.14/flexmark-youtrack-converter-0.42.14.jar:/Users/gosha04/.m2/repository/org/apache/maven/doxia/doxia-module-confluence/1.11.1/doxia-module-confluence-1.11.1.jar:/Users/gosha04/.m2/repository/org/apache/maven/doxia/doxia-module-docbook-simple/1.11.1/doxia-module-docbook-simple-1.11.1.jar:/Users/gosha04/.m2/repository/org/apache/maven/doxia/doxia-module-twiki/1.11.1/doxia-module-twiki-1.11.1.jar:/Users/gosha04/.m2/repository/org/eclipse/jetty/jetty-server/9.4.46.v20220331/jetty-server-9.4.46.v20220331.jar:/Users/gosha04/.m2/repository/javax/servlet/javax.servlet-api/3.1.0/javax.servlet-api-3.1.0.jar:/Users/gosha04/.m2/repository/org/eclipse/jetty/jetty-http/9.4.46.v20220331/jetty-http-9.4.46.v20220331.jar:/Users/gosha04/.m2/repository/org/eclipse/jetty/jetty-io/9.4.46.v20220331/jetty-io-9.4.46.v20220331.jar:/Users/gosha04/.m2/repository/org/eclipse/jetty/jetty-servlet/9.4.46.v20220331/jetty-servlet-9.4.46.v20220331.jar:/Users/gosha04/.m2/repository/org/eclipse/jetty/jetty-security/9.4.46.v20220331/jetty-security-9.4.46.v20220331.jar:/Users/gosha04/.m2/repository/org/eclipse/jetty/jetty-util-ajax/9.4.46.v20220331/jetty-util-ajax-9.4.46.v20220331.jar:/Users/gosha04/.m2/repository/org/eclipse/jetty/jetty-webapp/9.4.46.v20220331/jetty-webapp-9.4.46.v20220331.jar:/Users/gosha04/.m2/repository/org/eclipse/jetty/jetty-xml/9.4.46.v20220331/jetty-xml-9.4.46.v20220331.jar:/Users/gosha04/.m2/repository/org/eclipse/jetty/jetty-util/9.4.46.v20220331/jetty-util-9.4.46.v20220331.jar:/Users/gosha04/.m2/repository/net/bytebuddy/byte-buddy-agent/1.14.19/byte-buddy-agent-1.14.19.jar:"/>
    <property name="java.vm.vendor" value="Homebrew"/>
    <property name="sun.arch.data.model" value="64"/>
    <property name="java.vendor.url" value="https://github.com/Homebrew/homebrew-core/issues"/>
    <property name="user.timezone" value="America/Los_Angeles"/>
    <property name="os.name" value="Mac OS X"/>
    <property name="java.vm.specification.version" value="24"/>
    <property name="sun.java.launcher" value="SUN_STANDARD"/>
    <property name="user.country" value="US"/>
    <property name="sun.boot.library.path" value="/usr/local/Cellar/openjdk/24.0.2/libexec/openjdk.jdk/Contents/Home/lib"/>
    <property name="sun.java.command" value="/Users/gosha04/Documents/CPSC_Courses/SE/se300-assignment2/target/surefire/surefirebooter-20251020015238601_3.jar /Users/gosha04/Documents/CPSC_Courses/SE/se300-assignment2/target/surefire 2025-10-20T01-52-37_036-jvmRun1 surefire-20251020015238601_1tmp surefire_0-20251020015238601_2tmp"/>
    <property name="http.nonProxyHosts" value="local|*.local|169.254/16|*.169.254/16"/>
    <property name="jdk.debug" value="release"/>
    <property name="surefire.test.class.path" value="/Users/gosha04/Documents/CPSC_Courses/SE/se300-assignment2/target/test-classes:/Users/gosha04/Documents/CPSC_Courses/SE/se300-assignment2/target/classes:/Users/gosha04/.m2/repository/org/hsqldb/hsqldb/2.7.1/hsqldb-2.7.1.jar:/Users/gosha04/.m2/repository/org/assertj/assertj-core/3.24.2/assertj-core-3.24.2.jar:/Users/gosha04/.m2/repository/net/bytebuddy/byte-buddy/1.12.21/byte-buddy-1.12.21.jar:/Users/gosha04/.m2/repository/org/junit/jupiter/junit-jupiter-params/5.13.4/junit-jupiter-params-5.13.4.jar:/Users/gosha04/.m2/repository/org/apiguardian/apiguardian-api/1.1.2/apiguardian-api-1.1.2.jar:/Users/gosha04/.m2/repository/org/mockito/mockito-core/5.20.0/mockito-core-5.20.0.jar:/Users/gosha04/.m2/repository/org/objenesis/objenesis/3.3/objenesis-3.3.jar:/Users/gosha04/.m2/repository/org/mockito/mockito-inline/5.2.0/mockito-inline-5.2.0.jar:/Users/gosha04/.m2/repository/org/junit/jupiter/junit-jupiter-api/5.13.4/junit-jupiter-api-5.13.4.jar:/Users/gosha04/.m2/repository/org/opentest4j/opentest4j/1.3.0/opentest4j-1.3.0.jar:/Users/gosha04/.m2/repository/org/junit/platform/junit-platform-commons/1.13.4/junit-platform-commons-1.13.4.jar:/Users/gosha04/.m2/repository/org/junit/jupiter/junit-jupiter-engine/5.13.4/junit-jupiter-engine-5.13.4.jar:/Users/gosha04/.m2/repository/org/junit/platform/junit-platform-engine/1.13.4/junit-platform-engine-1.13.4.jar:/Users/gosha04/.m2/repository/org/apache/maven/plugins/maven-project-info-reports-plugin/3.4.5/maven-project-info-reports-plugin-3.4.5.jar:/Users/gosha04/.m2/repository/org/apache/maven/reporting/maven-reporting-api/3.1.1/maven-reporting-api-3.1.1.jar:/Users/gosha04/.m2/repository/org/apache/maven/reporting/maven-reporting-impl/3.2.0/maven-reporting-impl-3.2.0.jar:/Users/gosha04/.m2/repository/org/apache/maven/maven-artifact/3.1.0/maven-artifact-3.1.0.jar:/Users/gosha04/.m2/repository/org/apache/maven/maven-plugin-api/3.1.0/maven-plugin-api-3.1.0.jar:/Users/gosha04/.m2/repository/org/eclipse/sisu/org.eclipse.sisu.plexus/0.0.0.M2a/org.eclipse.sisu.plexus-0.0.0.M2a.jar:/Users/gosha04/.m2/repository/javax/enterprise/cdi-api/1.0/cdi-api-1.0.jar:/Users/gosha04/.m2/repository/javax/annotation/jsr250-api/1.0/jsr250-api-1.0.jar:/Users/gosha04/.m2/repository/com/google/guava/guava/10.0.1/guava-10.0.1.jar:/Users/gosha04/.m2/repository/com/google/code/findbugs/jsr305/1.3.9/jsr305-1.3.9.jar:/Users/gosha04/.m2/repository/org/sonatype/sisu/sisu-guice/3.1.0/sisu-guice-3.1.0-no_aop.jar:/Users/gosha04/.m2/repository/aopalliance/aopalliance/1.0/aopalliance-1.0.jar:/Users/gosha04/.m2/repository/org/eclipse/sisu/org.eclipse.sisu.inject/0.0.0.M2a/org.eclipse.sisu.inject-0.0.0.M2a.jar:/Users/gosha04/.m2/repository/asm/asm/3.3.1/asm-3.3.1.jar:/Users/gosha04/.m2/repository/org/apache/maven/shared/maven-dependency-tree/3.2.1/maven-dependency-tree-3.2.1.jar:/Users/gosha04/.m2/repository/org/eclipse/aether/aether-util/1.0.0.v20140518/aether-util-1.0.0.v20140518.jar:/Users/gosha04/.m2/repository/org/slf4j/slf4j-api/1.7.36/slf4j-api-1.7.36.jar:/Users/gosha04/.m2/repository/org/apache/maven/shared/maven-shared-jar/3.0.0/maven-shared-jar-3.0.0.jar:/Users/gosha04/.m2/repository/javax/inject/javax.inject/1/javax.inject-1.jar:/Users/gosha04/.m2/repository/commons-codec/commons-codec/1.15/commons-codec-1.15.jar:/Users/gosha04/.m2/repository/org/apache/bcel/bcel/6.7.0/bcel-6.7.0.jar:/Users/gosha04/.m2/repository/org/apache/commons/commons-collections4/4.4/commons-collections4-4.4.jar:/Users/gosha04/.m2/repository/org/eclipse/aether/aether-api/1.0.0.v20140518/aether-api-1.0.0.v20140518.jar:/Users/gosha04/.m2/repository/org/apache/maven/shared/maven-common-artifact-filters/3.3.2/maven-common-artifact-filters-3.3.2.jar:/Users/gosha04/.m2/repository/org/apache/maven/shared/maven-artifact-transfer/0.13.1/maven-artifact-transfer-0.13.1.jar:/Users/gosha04/.m2/repository/org/apache/maven/maven-core/3.0/maven-core-3.0.jar:/Users/gosha04/.m2/repository/org/apache/maven/maven-repository-metadata/3.0/maven-repository-metadata-3.0.jar:/Users/gosha04/.m2/repository/org/apache/maven/maven-model-builder/3.0/maven-model-builder-3.0.jar:/Users/gosha04/.m2/repository/org/apache/maven/maven-aether-provider/3.0/maven-aether-provider-3.0.jar:/Users/gosha04/.m2/repository/org/sonatype/aether/aether-impl/1.7/aether-impl-1.7.jar:/Users/gosha04/.m2/repository/org/sonatype/aether/aether-spi/1.7/aether-spi-1.7.jar:/Users/gosha04/.m2/repository/org/sonatype/aether/aether-api/1.7/aether-api-1.7.jar:/Users/gosha04/.m2/repository/org/sonatype/aether/aether-util/1.7/aether-util-1.7.jar:/Users/gosha04/.m2/repository/org/sonatype/sisu/sisu-inject-plexus/1.4.2/sisu-inject-plexus-1.4.2.jar:/Users/gosha04/.m2/repository/org/sonatype/sisu/sisu-inject-bean/1.4.2/sisu-inject-bean-1.4.2.jar:/Users/gosha04/.m2/repository/org/sonatype/sisu/sisu-guice/2.1.7/sisu-guice-2.1.7-noaop.jar:/Users/gosha04/.m2/repository/org/codehaus/plexus/plexus-classworlds/2.2.3/plexus-classworlds-2.2.3.jar:/Users/gosha04/.m2/repository/org/sonatype/plexus/plexus-sec-dispatcher/1.3/plexus-sec-dispatcher-1.3.jar:/Users/gosha04/.m2/repository/org/sonatype/plexus/plexus-cipher/1.4/plexus-cipher-1.4.jar:/Users/gosha04/.m2/repository/org/codehaus/plexus/plexus-component-annotations/2.0.0/plexus-component-annotations-2.0.0.jar:/Users/gosha04/.m2/repository/org/apache/maven/scm/maven-scm-api/1.13.0/maven-scm-api-1.13.0.jar:/Users/gosha04/.m2/repository/org/apache/maven/scm/maven-scm-manager-plexus/1.13.0/maven-scm-manager-plexus-1.13.0.jar:/Users/gosha04/.m2/repository/org/apache/maven/scm/maven-scm-provider-hg/1.13.0/maven-scm-provider-hg-1.13.0.jar:/Users/gosha04/.m2/repository/org/apache/maven/scm/maven-scm-provider-perforce/1.13.0/maven-scm-provider-perforce-1.13.0.jar:/Users/gosha04/.m2/repository/org/apache/maven/scm/maven-scm-provider-starteam/1.13.0/maven-scm-provider-starteam-1.13.0.jar:/Users/gosha04/.m2/repository/org/apache/maven/scm/maven-scm-provider-svn-commons/1.13.0/maven-scm-provider-svn-commons-1.13.0.jar:/Users/gosha04/.m2/repository/org/apache/maven/scm/maven-scm-provider-svnexe/1.13.0/maven-scm-provider-svnexe-1.13.0.jar:/Users/gosha04/.m2/repository/commons-lang/commons-lang/2.6/commons-lang-2.6.jar:/Users/gosha04/.m2/repository/org/apache/maven/scm/maven-scm-provider-cvs-commons/1.13.0/maven-scm-provider-cvs-commons-1.13.0.jar:/Users/gosha04/.m2/repository/org/apache/maven/scm/maven-scm-provider-cvsexe/1.13.0/maven-scm-provider-cvsexe-1.13.0.jar:/Users/gosha04/.m2/repository/org/apache/maven/scm/maven-scm-provider-cvsjava/1.13.0/maven-scm-provider-cvsjava-1.13.0.jar:/Users/gosha04/.m2/repository/org/netbeans/lib/cvsclient/20060125/cvsclient-20060125.jar:/Users/gosha04/.m2/repository/ch/ethz/ganymed/ganymed-ssh2/build210/ganymed-ssh2-build210.jar:/Users/gosha04/.m2/repository/org/apache/maven/scm/maven-scm-provider-git-commons/1.13.0/maven-scm-provider-git-commons-1.13.0.jar:/Users/gosha04/.m2/repository/org/apache/maven/scm/maven-scm-provider-gitexe/1.13.0/maven-scm-provider-gitexe-1.13.0.jar:/Users/gosha04/.m2/repository/commons-io/commons-io/2.6/commons-io-2.6.jar:/Users/gosha04/.m2/repository/org/apache/maven/doxia/doxia-sink-api/1.11.1/doxia-sink-api-1.11.1.jar:/Users/gosha04/.m2/repository/org/apache/maven/doxia/doxia-logging-api/1.11.1/doxia-logging-api-1.11.1.jar:/Users/gosha04/.m2/repository/org/apache/maven/doxia/doxia-core/1.11.1/doxia-core-1.11.1.jar:/Users/gosha04/.m2/repository/org/apache/commons/commons-lang3/3.8.1/commons-lang3-3.8.1.jar:/Users/gosha04/.m2/repository/org/apache/commons/commons-text/1.3/commons-text-1.3.jar:/Users/gosha04/.m2/repository/org/apache/httpcomponents/httpclient/4.5.13/httpclient-4.5.13.jar:/Users/gosha04/.m2/repository/org/apache/httpcomponents/httpcore/4.4.14/httpcore-4.4.14.jar:/Users/gosha04/.m2/repository/org/apache/maven/doxia/doxia-decoration-model/1.11.1/doxia-decoration-model-1.11.1.jar:/Users/gosha04/.m2/repository/org/apache/maven/doxia/doxia-site-renderer/1.11.1/doxia-site-renderer-1.11.1.jar:/Users/gosha04/.m2/repository/org/apache/maven/doxia/doxia-skin-model/1.11.1/doxia-skin-model-1.11.1.jar:/Users/gosha04/.m2/repository/org/codehaus/plexus/plexus-velocity/1.2/plexus-velocity-1.2.jar:/Users/gosha04/.m2/repository/org/apache/velocity/velocity/1.7/velocity-1.7.jar:/Users/gosha04/.m2/repository/org/apache/velocity/velocity-tools/2.0/velocity-tools-2.0.jar:/Users/gosha04/.m2/repository/commons-chain/commons-chain/1.1/commons-chain-1.1.jar:/Users/gosha04/.m2/repository/dom4j/dom4j/1.1/dom4j-1.1.jar:/Users/gosha04/.m2/repository/oro/oro/2.0.8/oro-2.0.8.jar:/Users/gosha04/.m2/repository/commons-collections/commons-collections/3.2.2/commons-collections-3.2.2.jar:/Users/gosha04/.m2/repository/org/apache/maven/doxia/doxia-integration-tools/1.11.1/doxia-integration-tools-1.11.1.jar:/Users/gosha04/.m2/repository/org/apache/maven/maven-model/2.2.1/maven-model-2.2.1.jar:/Users/gosha04/.m2/repository/org/codehaus/plexus/plexus-i18n/1.0-beta-10/plexus-i18n-1.0-beta-10.jar:/Users/gosha04/.m2/repository/org/codehaus/plexus/plexus-utils/3.5.1/plexus-utils-3.5.1.jar:/Users/gosha04/.m2/repository/org/codehaus/plexus/plexus-interpolation/1.26/plexus-interpolation-1.26.jar:/Users/gosha04/.m2/repository/commons-validator/commons-validator/1.7/commons-validator-1.7.jar:/Users/gosha04/.m2/repository/commons-beanutils/commons-beanutils/1.9.4/commons-beanutils-1.9.4.jar:/Users/gosha04/.m2/repository/commons-digester/commons-digester/2.1/commons-digester-2.1.jar:/Users/gosha04/.m2/repository/commons-logging/commons-logging/1.2/commons-logging-1.2.jar:/Users/gosha04/.m2/repository/org/apache/maven/plugins/maven-site-plugin/3.12.1/maven-site-plugin-3.12.1.jar:/Users/gosha04/.m2/repository/org/apache/maven/reporting/maven-reporting-exec/1.6.0/maven-reporting-exec-1.6.0.jar:/Users/gosha04/.m2/repository/org/apache/maven/maven-settings/3.2.5/maven-settings-3.2.5.jar:/Users/gosha04/.m2/repository/org/apache/maven/maven-settings-builder/3.2.5/maven-settings-builder-3.2.5.jar:/Users/gosha04/.m2/repository/org/apache/maven/shared/maven-shared-utils/3.3.4/maven-shared-utils-3.3.4.jar:/Users/gosha04/.m2/repository/org/apache/maven/maven-archiver/3.5.2/maven-archiver-3.5.2.jar:/Users/gosha04/.m2/repository/org/apache/commons/commons-compress/1.20/commons-compress-1.20.jar:/Users/gosha04/.m2/repository/org/codehaus/plexus/plexus-archiver/4.2.7/plexus-archiver-4.2.7.jar:/Users/gosha04/.m2/repository/org/codehaus/plexus/plexus-io/3.2.0/plexus-io-3.2.0.jar:/Users/gosha04/.m2/repository/org/iq80/snappy/snappy/0.4/snappy-0.4.jar:/Users/gosha04/.m2/repository/org/tukaani/xz/1.9/xz-1.9.jar:/Users/gosha04/.m2/repository/org/apache/maven/doxia/doxia-module-xhtml/1.11.1/doxia-module-xhtml-1.11.1.jar:/Users/gosha04/.m2/repository/org/apache/maven/doxia/doxia-module-xhtml5/1.11.1/doxia-module-xhtml5-1.11.1.jar:/Users/gosha04/.m2/repository/org/apache/maven/doxia/doxia-module-apt/1.11.1/doxia-module-apt-1.11.1.jar:/Users/gosha04/.m2/repository/org/apache/maven/doxia/doxia-module-xdoc/1.11.1/doxia-module-xdoc-1.11.1.jar:/Users/gosha04/.m2/repository/org/apache/maven/doxia/doxia-module-fml/1.11.1/doxia-module-fml-1.11.1.jar:/Users/gosha04/.m2/repository/org/apache/maven/doxia/doxia-module-markdown/1.11.1/doxia-module-markdown-1.11.1.jar:/Users/gosha04/.m2/repository/com/vladsch/flexmark/flexmark-all/0.42.14/flexmark-all-0.42.14.jar:/Users/gosha04/.m2/repository/com/vladsch/flexmark/flexmark/0.42.14/flexmark-0.42.14.jar:/Users/gosha04/.m2/repository/com/vladsch/flexmark/flexmark-ext-abbreviation/0.42.14/flexmark-ext-abbreviation-0.42.14.jar:/Users/gosha04/.m2/repository/com/vladsch/flexmark/flexmark-ext-admonition/0.42.14/flexmark-ext-admonition-0.42.14.jar:/Users/gosha04/.m2/repository/com/vladsch/flexmark/flexmark-ext-anchorlink/0.42.14/flexmark-ext-anchorlink-0.42.14.jar:/Users/gosha04/.m2/repository/com/vladsch/flexmark/flexmark-ext-aside/0.42.14/flexmark-ext-aside-0.42.14.jar:/Users/gosha04/.m2/repository/com/vladsch/flexmark/flexmark-ext-attributes/0.42.14/flexmark-ext-attributes-0.42.14.jar:/Users/gosha04/.m2/repository/com/vladsch/flexmark/flexmark-ext-autolink/0.42.14/flexmark-ext-autolink-0.42.14.jar:/Users/gosha04/.m2/repository/org/nibor/autolink/autolink/0.6.0/autolink-0.6.0.jar:/Users/gosha04/.m2/repository/com/vladsch/flexmark/flexmark-ext-definition/0.42.14/flexmark-ext-definition-0.42.14.jar:/Users/gosha04/.m2/repository/com/vladsch/flexmark/flexmark-ext-emoji/0.42.14/flexmark-ext-emoji-0.42.14.jar:/Users/gosha04/.m2/repository/com/vladsch/flexmark/flexmark-ext-enumerated-reference/0.42.14/flexmark-ext-enumerated-reference-0.42.14.jar:/Users/gosha04/.m2/repository/com/vladsch/flexmark/flexmark-ext-escaped-character/0.42.14/flexmark-ext-escaped-character-0.42.14.jar:/Users/gosha04/.m2/repository/com/vladsch/flexmark/flexmark-ext-footnotes/0.42.14/flexmark-ext-footnotes-0.42.14.jar:/Users/gosha04/.m2/repository/com/vladsch/flexmark/flexmark-ext-gfm-issues/0.42.14/flexmark-ext-gfm-issues-0.42.14.jar:/Users/gosha04/.m2/repository/com/vladsch/flexmark/flexmark-ext-gfm-strikethrough/0.42.14/flexmark-ext-gfm-strikethrough-0.42.14.jar:/Users/gosha04/.m2/repository/com/vladsch/flexmark/flexmark-ext-gfm-tables/0.42.14/flexmark-ext-gfm-tables-0.42.14.jar:/Users/gosha04/.m2/repository/com/vladsch/flexmark/flexmark-ext-gfm-tasklist/0.42.14/flexmark-ext-gfm-tasklist-0.42.14.jar:/Users/gosha04/.m2/repository/com/vladsch/flexmark/flexmark-ext-gfm-users/0.42.14/flexmark-ext-gfm-users-0.42.14.jar:/Users/gosha04/.m2/repository/com/vladsch/flexmark/flexmark-ext-gitlab/0.42.14/flexmark-ext-gitlab-0.42.14.jar:/Users/gosha04/.m2/repository/com/vladsch/flexmark/flexmark-ext-jekyll-front-matter/0.42.14/flexmark-ext-jekyll-front-matter-0.42.14.jar:/Users/gosha04/.m2/repository/com/vladsch/flexmark/flexmark-ext-jekyll-tag/0.42.14/flexmark-ext-jekyll-tag-0.42.14.jar:/Users/gosha04/.m2/repository/com/vladsch/flexmark/flexmark-ext-media-tags/0.42.14/flexmark-ext-media-tags-0.42.14.jar:/Users/gosha04/.m2/repository/com/vladsch/flexmark/flexmark-ext-macros/0.42.14/flexmark-ext-macros-0.42.14.jar:/Users/gosha04/.m2/repository/com/vladsch/flexmark/flexmark-ext-ins/0.42.14/flexmark-ext-ins-0.42.14.jar:/Users/gosha04/.m2/repository/com/vladsch/flexmark/flexmark-ext-xwiki-macros/0.42.14/flexmark-ext-xwiki-macros-0.42.14.jar:/Users/gosha04/.m2/repository/com/vladsch/flexmark/flexmark-ext-superscript/0.42.14/flexmark-ext-superscript-0.42.14.jar:/Users/gosha04/.m2/repository/com/vladsch/flexmark/flexmark-ext-tables/0.42.14/flexmark-ext-tables-0.42.14.jar:/Users/gosha04/.m2/repository/com/vladsch/flexmark/flexmark-ext-toc/0.42.14/flexmark-ext-toc-0.42.14.jar:/Users/gosha04/.m2/repository/com/vladsch/flexmark/flexmark-ext-typographic/0.42.14/flexmark-ext-typographic-0.42.14.jar:/Users/gosha04/.m2/repository/com/vladsch/flexmark/flexmark-ext-wikilink/0.42.14/flexmark-ext-wikilink-0.42.14.jar:/Users/gosha04/.m2/repository/com/vladsch/flexmark/flexmark-ext-yaml-front-matter/0.42.14/flexmark-ext-yaml-front-matter-0.42.14.jar:/Users/gosha04/.m2/repository/com/vladsch/flexmark/flexmark-ext-youtube-embedded/0.42.14/flexmark-ext-youtube-embedded-0.42.14.jar:/Users/gosha04/.m2/repository/com/vladsch/flexmark/flexmark-formatter/0.42.14/flexmark-formatter-0.42.14.jar:/Users/gosha04/.m2/repository/com/vladsch/flexmark/flexmark-html-parser/0.42.14/flexmark-html-parser-0.42.14.jar:/Users/gosha04/.m2/repository/org/jsoup/jsoup/1.10.2/jsoup-1.10.2.jar:/Users/gosha04/.m2/repository/com/vladsch/flexmark/flexmark-jira-converter/0.42.14/flexmark-jira-converter-0.42.14.jar:/Users/gosha04/.m2/repository/com/vladsch/flexmark/flexmark-profile-pegdown/0.42.14/flexmark-profile-pegdown-0.42.14.jar:/Users/gosha04/.m2/repository/com/vladsch/flexmark/flexmark-util/0.42.14/flexmark-util-0.42.14.jar:/Users/gosha04/.m2/repository/com/vladsch/flexmark/flexmark-youtrack-converter/0.42.14/flexmark-youtrack-converter-0.42.14.jar:/Users/gosha04/.m2/repository/org/apache/maven/doxia/doxia-module-confluence/1.11.1/doxia-module-confluence-1.11.1.jar:/Users/gosha04/.m2/repository/org/apache/maven/doxia/doxia-module-docbook-simple/1.11.1/doxia-module-docbook-simple-1.11.1.jar:/Users/gosha04/.m2/repository/org/apache/maven/doxia/doxia-module-twiki/1.11.1/doxia-module-twiki-1.11.1.jar:/Users/gosha04/.m2/repository/org/eclipse/jetty/jetty-server/9.4.46.v20220331/jetty-server-9.4.46.v20220331.jar:/Users/gosha04/.m2/repository/javax/servlet/javax.servlet-api/3.1.0/javax.servlet-api-3.1.0.jar:/Users/gosha04/.m2/repository/org/eclipse/jetty/jetty-http/9.4.46.v20220331/jetty-http-9.4.46.v20220331.jar:/Users/gosha04/.m2/repository/org/eclipse/jetty/jetty-io/9.4.46.v20220331/jetty-io-9.4.46.v20220331.jar:/Users/gosha04/.m2/repository/org/eclipse/jetty/jetty-servlet/9.4.46.v20220331/jetty-servlet-9.4.46.v20220331.jar:/Users/gosha04/.m2/repository/org/eclipse/jetty/jetty-security/9.4.46.v20220331/jetty-security-9.4.46.v20220331.jar:/Users/gosha04/.m2/repository/org/eclipse/jetty/jetty-util-ajax/9.4.46.v20220331/jetty-util-ajax-9.4.46.v20220331.jar:/Users/gosha04/.m2/repository/org/eclipse/jetty/jetty-webapp/9.4.46.v20220331/jetty-webapp-9.4.46.v20220331.jar:/Users/gosha04/.m2/repository/org/eclipse/jetty/jetty-xml/9.4.46.v20220331/jetty-xml-9.4.46.v20220331.jar:/Users/gosha04/.m2/repository/org/eclipse/jetty/jetty-util/9.4.46.v20220331/jetty-util-9.4.46.v20220331.jar:/Users/gosha04/.m2/repository/net/bytebuddy/byte-buddy-agent/1.14.19/byte-buddy-agent-1.14.19.jar:"/>
    <property name="sun.cpu.endian" value="little"/>
    <property name="user.home" value="/Users/gosha04"/>
    <property name="user.language" value="en"/>
    <property name="java.specification.vendor" value="Oracle Corporation"/>
    <property name="java.version.date" value="2025-07-15"/>
    <property name="java.home" value="/usr/local/Cellar/openjdk/24.0.2/libexec/openjdk.jdk/Contents/Home"/>
    <property name="file.separator" value="/"/>
    <property name="basedir" value="/Users/gosha04/Documents/CPSC_Courses/SE/se300-assignment2"/>
    <property name="java.vm.compressedOopsMode" value="Zero based"/>
    <property name="line.separator" value="&#10;"/>
    <property name="java.vm.specification.vendor" value="Oracle Corporation"/>
    <property name="java.specification.name" value="Java Platform API Specification"/>
    <property name="apple.awt.application.name" value="ForkedBooter"/>
    <property name="surefire.real.class.path" value="/Users/gosha04/Documents/CPSC_Courses/SE/se300-assignment2/target/surefire/surefirebooter-20251020015238601_3.jar"/>
    <property name="sun.management.compiler" value="HotSpot 64-Bit Tiered Compilers"/>
    <property name="ftp.nonProxyHosts" value="local|*.local|169.254/16|*.169.254/16"/>
    <property name="java.runtime.version" value="24.0.2"/>
    <property name="user.name" value="gosha04"/>
    <property name="stdout.encoding" value="UTF-8"/>
    <property name="path.separator" value=":"/>
    <property name="os.version" value="14.4.1"/>
    <property name="java.runtime.name" value="OpenJDK Runtime Environment"/>
    <property name="file.encoding" value="UTF-8"/>
    <property name="java.vm.name" value="OpenJDK 64-Bit Server VM"/>
    <property name="java.vendor.version" value="Homebrew"/>
    <property name="localRepository" value="/Users/gosha04/.m2/repository"/>
    <property name="java.vendor.url.bug" value="https://github.com/Homebrew/homebrew-core/issues"/>
    <property name="java.io.tmpdir" value="/var/folders/0q/qctdbk753pqdfmmb3qx_v2t00000gp/T/"/>
    <property name="java.version" value="24.0.2"/>
    <property name="user.dir" value="/Users/gosha04/Documents/CPSC_Courses/SE/se300-assignment2"/>
    <property name="os.arch" value="x86_64"/>
    <property name="java.vm.specification.name" value="Java Virtual Machine Specification"/>
    <property name="native.encoding" value="UTF-8"/>
    <property name="java.library.path" value="/Users/gosha04/Library/Java/Extensions:/Library/Java/Extensions:/Network/Library/Java/Extensions:/System/Library/Java/Extensions:/usr/lib/java:."/>
    <property name="java.vm.info" value="mixed mode, sharing"/>
    <property name="stderr.encoding" value="UTF-8"/>
    <property name="java.vendor" value="Homebrew"/>
    <property name="java.vm.version" value="24.0.2"/>
    <property name="sun.io.unicode.encoding" value="UnicodeBig"/>
    <property name="socksNonProxyHosts" value="local|*.local|169.254/16|*.169.254/16"/>
    <property name="java.class.version" value="68.0"/>
  </properties>
  <testcase name="mockBehaviorTest" classname="com.se300.ledger.complete.CompleteTest" time="1.481">
    <error message="&#10;Mockito cannot mock this class: class com.se300.ledger.Ledger.&#10;&#10;If you&apos;re not sure why you&apos;re getting this error, please open an issue on GitHub.&#10;&#10;&#10;Java               : 24&#10;JVM vendor name    : Homebrew&#10;JVM vendor version : 24.0.2&#10;JVM name           : OpenJDK 64-Bit Server VM&#10;JVM version        : 24.0.2&#10;JVM info           : mixed mode, sharing&#10;OS name            : Mac OS X&#10;OS version         : 14.4.1&#10;&#10;&#10;You are seeing this disclaimer because Mockito is configured to create inlined mocks.&#10;You can learn about inline mocks and their limitations under item #39 of the Mockito class javadoc.&#10;&#10;Underlying exception : org.mockito.exceptions.base.MockitoException: Could not modify all classes [class java.lang.Object, class com.se300.ledger.Ledger]" type="org.mockito.exceptions.base.MockitoException"><![CDATA[org.mockito.exceptions.base.MockitoException: 

Mockito cannot mock this class: class com.se300.ledger.Ledger.

If you're not sure why you're getting this error, please open an issue on GitHub.


Java               : 24
JVM vendor name    : Homebrew
JVM vendor version : 24.0.2
JVM name           : OpenJDK 64-Bit Server VM
JVM version        : 24.0.2
JVM info           : mixed mode, sharing
OS name            : Mac OS X
OS version         : 14.4.1


You are seeing this disclaimer because Mockito is configured to create inlined mocks.
You can learn about inline mocks and their limitations under item #39 of the Mockito class javadoc.

Underlying exception : org.mockito.exceptions.base.MockitoException: Could not modify all classes [class java.lang.Object, class com.se300.ledger.Ledger]
	at com.se300.ledger.complete.CompleteTest.mockBehaviorTest(CompleteTest.java:364)
	at java.base/java.lang.reflect.Method.invoke(Method.java:565)
	at java.base/java.util.ArrayList.forEach(ArrayList.java:1604)
	at java.base/java.util.ArrayList.forEach(ArrayList.java:1604)
Caused by: org.mockito.exceptions.base.MockitoException: Could not modify all classes [class java.lang.Object, class com.se300.ledger.Ledger]
	at net.bytebuddy.TypeCache.findOrInsert(TypeCache.java:168)
	at net.bytebuddy.TypeCache$WithInlineExpunction.findOrInsert(TypeCache.java:399)
	at net.bytebuddy.TypeCache.findOrInsert(TypeCache.java:190)
	at net.bytebuddy.TypeCache$WithInlineExpunction.findOrInsert(TypeCache.java:410)
	... 4 more
Caused by: java.lang.IllegalStateException: 
Byte Buddy could not instrument all classes within the mock's type hierarchy

This problem should never occur for javac-compiled classes. This problem has been observed for classes that are:
 - Compiled by older versions of scalac
 - Classes that are part of the Android distribution
	at org.mockito.internal.creation.bytebuddy.InlineBytecodeGenerator.triggerRetransformation(InlineBytecodeGenerator.java:291)
	at org.mockito.internal.creation.bytebuddy.InlineBytecodeGenerator.mockClass(InlineBytecodeGenerator.java:220)
	at org.mockito.internal.creation.bytebuddy.TypeCachingBytecodeGenerator.lambda$mockClass$0(TypeCachingBytecodeGenerator.java:78)
	at net.bytebuddy.TypeCache.findOrInsert(TypeCache.java:168)
	at net.bytebuddy.TypeCache$WithInlineExpunction.findOrInsert(TypeCache.java:399)
	at net.bytebuddy.TypeCache.findOrInsert(TypeCache.java:190)
	at net.bytebuddy.TypeCache$WithInlineExpunction.findOrInsert(TypeCache.java:410)
	at org.mockito.internal.creation.bytebuddy.TypeCachingBytecodeGenerator.mockClass(TypeCachingBytecodeGenerator.java:75)
	at org.mockito.internal.creation.bytebuddy.InlineDelegateByteBuddyMockMaker.createMockType(InlineDelegateByteBuddyMockMaker.java:429)
	at org.mockito.internal.creation.bytebuddy.InlineDelegateByteBuddyMockMaker.doCreateMock(InlineDelegateByteBuddyMockMaker.java:388)
	at org.mockito.internal.creation.bytebuddy.InlineDelegateByteBuddyMockMaker.createMock(InlineDelegateByteBuddyMockMaker.java:367)
	at org.mockito.internal.creation.bytebuddy.InlineByteBuddyMockMaker.createMock(InlineByteBuddyMockMaker.java:56)
	at org.mockito.internal.util.MockUtil.createMock(MockUtil.java:99)
	at org.mockito.internal.MockitoCore.mock(MockitoCore.java:84)
	at org.mockito.Mockito.mock(Mockito.java:2198)
	at org.mockito.Mockito.mock(Mockito.java:2113)
	... 4 more
Caused by: java.lang.IllegalArgumentException: Java 21 (65) is not supported by the current version of Byte Buddy which officially supports Java 20 (64) - update Byte Buddy or set net.bytebuddy.experimental as a VM property
	at net.bytebuddy.utility.OpenedClassReader.of(OpenedClassReader.java:96)
	at net.bytebuddy.dynamic.scaffold.TypeWriter$Default$ForInlining.create(TypeWriter.java:4011)
	at net.bytebuddy.dynamic.scaffold.TypeWriter$Default.make(TypeWriter.java:2224)
	at net.bytebuddy.dynamic.DynamicType$Builder$AbstractBase$UsingTypeWriter.make(DynamicType.java:4050)
	at net.bytebuddy.dynamic.DynamicType$Builder$AbstractBase.make(DynamicType.java:3734)
	at org.mockito.internal.creation.bytebuddy.InlineBytecodeGenerator.transform(InlineBytecodeGenerator.java:408)
	at java.instrument/java.lang.instrument.ClassFileTransformer.transform(ClassFileTransformer.java:257)
	at java.instrument/sun.instrument.TransformerManager.transform(TransformerManager.java:188)
	at java.instrument/sun.instrument.InstrumentationImpl.transform(InstrumentationImpl.java:594)
	at java.instrument/sun.instrument.InstrumentationImpl.retransformClasses0(Native Method)
	at java.instrument/sun.instrument.InstrumentationImpl.retransformClasses(InstrumentationImpl.java:221)
	at org.mockito.internal.creation.bytebuddy.InlineBytecodeGenerator.triggerRetransformation(InlineBytecodeGenerator.java:287)
	... 19 more
]]></error>
    <system-out><![CDATA[Setting up...
Creating Ledger: test ledger test-Ledger test-ledger
Creating Account: test-account-A
Creating Account: test-account-B
Processing Transaction: init-transaction-d40bc28c-685e-44b0-8432-2e15e8fe3b0e 100 10 Initial test-account-A test-account-B

=== Running mockBehaviorTest ===

--- tearDown: cleaning up test ledger ---
]]></system-out>
  </testcase>
  <testcase name="repeatedTest(RepetitionInfo)[1]" classname="com.se300.ledger.complete.CompleteTest" time="0.079">
    <system-out><![CDATA[Setting up...
Creating Ledger: test ledger test-Ledger test-ledger
Creating Account: test-account-A
Creating Account: test-account-B
Processing Transaction: init-transaction-bd0a4daa-182e-44f1-8b53-23326d28efa1 100 10 Initial test-account-A test-account-B

=== Running repeatedTest (ProcessTransactionLoadTest) repetition 1 ===

Running Repetition 1 of 10
Processing Transaction: 1-1 0 10 transaction 1 test-account-A test-account-B
Processing Transaction: 1-2 0 10 transaction 2 test-account-A test-account-B
Processing Transaction: 1-3 0 10 transaction 3 test-account-A test-account-B
Processing Transaction: 1-4 0 10 transaction 4 test-account-A test-account-B
Processing Transaction: 1-5 0 10 transaction 5 test-account-A test-account-B
Processing Transaction: 1-6 0 10 transaction 6 test-account-A test-account-B
Processing Transaction: 1-7 0 10 transaction 7 test-account-A test-account-B
Processing Transaction: 1-8 0 10 transaction 8 test-account-A test-account-B
Processing Transaction: 1-9 0 10 transaction 9 test-account-A test-account-B
Repetition 1 completed in 47 ms
--- tearDown: cleaning up test ledger ---
]]></system-out>
  </testcase>
  <testcase name="repeatedTest(RepetitionInfo)[2]" classname="com.se300.ledger.complete.CompleteTest" time="0.029">
    <system-out><![CDATA[Setting up...
Creating Ledger: test ledger test-Ledger test-ledger
Creating Account: test-account-A
Creating Account: test-account-B
Processing Transaction: init-transaction-20a2ad44-101c-4fe0-a78a-4e7d1beed5da 100 10 Initial test-account-A test-account-B

=== Running repeatedTest (ProcessTransactionLoadTest) repetition 2 ===

Running Repetition 2 of 10
Processing Transaction: 2-1 0 10 transaction 1 test-account-A test-account-B
Processing Transaction: 2-2 0 10 transaction 2 test-account-A test-account-B
Processing Transaction: 2-3 0 10 transaction 3 test-account-A test-account-B
Processing Transaction: 2-4 0 10 transaction 4 test-account-A test-account-B
Processing Transaction: 2-5 0 10 transaction 5 test-account-A test-account-B
Processing Transaction: 2-6 0 10 transaction 6 test-account-A test-account-B
Processing Transaction: 2-7 0 10 transaction 7 test-account-A test-account-B
Processing Transaction: 2-8 0 10 transaction 8 test-account-A test-account-B
Processing Transaction: 2-9 0 10 transaction 9 test-account-A test-account-B
Repetition 2 completed in 18 ms
--- tearDown: cleaning up test ledger ---
]]></system-out>
  </testcase>
  <testcase name="repeatedTest(RepetitionInfo)[3]" classname="com.se300.ledger.complete.CompleteTest" time="0.022">
    <system-out><![CDATA[Setting up...
Creating Ledger: test ledger test-Ledger test-ledger
Creating Account: test-account-A
Creating Account: test-account-B
Processing Transaction: init-transaction-8e93cfb5-c255-426b-b5a9-0d1b81117be5 100 10 Initial test-account-A test-account-B

=== Running repeatedTest (ProcessTransactionLoadTest) repetition 3 ===

Running Repetition 3 of 10
Processing Transaction: 3-1 0 10 transaction 1 test-account-A test-account-B
Processing Transaction: 3-2 0 10 transaction 2 test-account-A test-account-B
Processing Transaction: 3-3 0 10 transaction 3 test-account-A test-account-B
Processing Transaction: 3-4 0 10 transaction 4 test-account-A test-account-B
Processing Transaction: 3-5 0 10 transaction 5 test-account-A test-account-B
Processing Transaction: 3-6 0 10 transaction 6 test-account-A test-account-B
Processing Transaction: 3-7 0 10 transaction 7 test-account-A test-account-B
Processing Transaction: 3-8 0 10 transaction 8 test-account-A test-account-B
Processing Transaction: 3-9 0 10 transaction 9 test-account-A test-account-B
Repetition 3 completed in 10 ms
--- tearDown: cleaning up test ledger ---
]]></system-out>
  </testcase>
  <testcase name="repeatedTest(RepetitionInfo)[4]" classname="com.se300.ledger.complete.CompleteTest" time="0.005">
    <system-out><![CDATA[Setting up...
Creating Ledger: test ledger test-Ledger test-ledger
Creating Account: test-account-A
Creating Account: test-account-B
Processing Transaction: init-transaction-991a67be-a013-4df5-a8a2-5284d4bc2288 100 10 Initial test-account-A test-account-B

=== Running repeatedTest (ProcessTransactionLoadTest) repetition 4 ===

Running Repetition 4 of 10
Processing Transaction: 4-1 0 10 transaction 1 test-account-A test-account-B
Processing Transaction: 4-2 0 10 transaction 2 test-account-A test-account-B
Processing Transaction: 4-3 0 10 transaction 3 test-account-A test-account-B
Processing Transaction: 4-4 0 10 transaction 4 test-account-A test-account-B
Processing Transaction: 4-5 0 10 transaction 5 test-account-A test-account-B
Processing Transaction: 4-6 0 10 transaction 6 test-account-A test-account-B
Processing Transaction: 4-7 0 10 transaction 7 test-account-A test-account-B
Processing Transaction: 4-8 0 10 transaction 8 test-account-A test-account-B
Processing Transaction: 4-9 0 10 transaction 9 test-account-A test-account-B
Repetition 4 completed in 2 ms
--- tearDown: cleaning up test ledger ---
]]></system-out>
  </testcase>
  <testcase name="repeatedTest(RepetitionInfo)[5]" classname="com.se300.ledger.complete.CompleteTest" time="0.007">
    <system-out><![CDATA[Setting up...
Creating Ledger: test ledger test-Ledger test-ledger
Creating Account: test-account-A
Creating Account: test-account-B
Processing Transaction: init-transaction-8f2462f6-777a-4039-8540-0b62db7393b1 100 10 Initial test-account-A test-account-B

=== Running repeatedTest (ProcessTransactionLoadTest) repetition 5 ===

Running Repetition 5 of 10
Processing Transaction: 5-1 0 10 transaction 1 test-account-A test-account-B
Processing Transaction: 5-2 0 10 transaction 2 test-account-A test-account-B
Processing Transaction: 5-3 0 10 transaction 3 test-account-A test-account-B
Processing Transaction: 5-4 0 10 transaction 4 test-account-A test-account-B
Processing Transaction: 5-5 0 10 transaction 5 test-account-A test-account-B
Processing Transaction: 5-6 0 10 transaction 6 test-account-A test-account-B
Processing Transaction: 5-7 0 10 transaction 7 test-account-A test-account-B
Processing Transaction: 5-8 0 10 transaction 8 test-account-A test-account-B
Processing Transaction: 5-9 0 10 transaction 9 test-account-A test-account-B
Repetition 5 completed in 2 ms
--- tearDown: cleaning up test ledger ---
]]></system-out>
  </testcase>
  <testcase name="repeatedTest(RepetitionInfo)[6]" classname="com.se300.ledger.complete.CompleteTest" time="0.022">
    <system-out><![CDATA[Setting up...
Creating Ledger: test ledger test-Ledger test-ledger
Creating Account: test-account-A
Creating Account: test-account-B
Processing Transaction: init-transaction-173daae7-d453-4ccf-9ce1-21d6641e5690 100 10 Initial test-account-A test-account-B

=== Running repeatedTest (ProcessTransactionLoadTest) repetition 6 ===

Running Repetition 6 of 10
Processing Transaction: 6-1 0 10 transaction 1 test-account-A test-account-B
Processing Transaction: 6-2 0 10 transaction 2 test-account-A test-account-B
Processing Transaction: 6-3 0 10 transaction 3 test-account-A test-account-B
Processing Transaction: 6-4 0 10 transaction 4 test-account-A test-account-B
Processing Transaction: 6-5 0 10 transaction 5 test-account-A test-account-B
Processing Transaction: 6-6 0 10 transaction 6 test-account-A test-account-B
Processing Transaction: 6-7 0 10 transaction 7 test-account-A test-account-B
Processing Transaction: 6-8 0 10 transaction 8 test-account-A test-account-B
Processing Transaction: 6-9 0 10 transaction 9 test-account-A test-account-B
Repetition 6 completed in 16 ms
--- tearDown: cleaning up test ledger ---
]]></system-out>
  </testcase>
  <testcase name="repeatedTest(RepetitionInfo)[7]" classname="com.se300.ledger.complete.CompleteTest" time="0.023">
    <system-out><![CDATA[Setting up...
Creating Ledger: test ledger test-Ledger test-ledger
Creating Account: test-account-A
Creating Account: test-account-B
Processing Transaction: init-transaction-7470093a-ebfc-439b-92a5-e3ba384f470d 100 10 Initial test-account-A test-account-B

=== Running repeatedTest (ProcessTransactionLoadTest) repetition 7 ===

Running Repetition 7 of 10
Processing Transaction: 7-1 0 10 transaction 1 test-account-A test-account-B
Processing Transaction: 7-2 0 10 transaction 2 test-account-A test-account-B
Processing Transaction: 7-3 0 10 transaction 3 test-account-A test-account-B
Processing Transaction: 7-4 0 10 transaction 4 test-account-A test-account-B
Processing Transaction: 7-5 0 10 transaction 5 test-account-A test-account-B
Processing Transaction: 7-6 0 10 transaction 6 test-account-A test-account-B
Processing Transaction: 7-7 0 10 transaction 7 test-account-A test-account-B
Processing Transaction: 7-8 0 10 transaction 8 test-account-A test-account-B
Processing Transaction: 7-9 0 10 transaction 9 test-account-A test-account-B
Repetition 7 completed in 17 ms
--- tearDown: cleaning up test ledger ---
]]></system-out>
  </testcase>
  <testcase name="repeatedTest(RepetitionInfo)[8]" classname="com.se300.ledger.complete.CompleteTest" time="0.007">
    <system-out><![CDATA[Setting up...
Creating Ledger: test ledger test-Ledger test-ledger
Creating Account: test-account-A
Creating Account: test-account-B
Processing Transaction: init-transaction-be2462f8-b218-4e28-93f0-d195a8c9913e 100 10 Initial test-account-A test-account-B

=== Running repeatedTest (ProcessTransactionLoadTest) repetition 8 ===

Running Repetition 8 of 10
Processing Transaction: 8-1 0 10 transaction 1 test-account-A test-account-B
Processing Transaction: 8-2 0 10 transaction 2 test-account-A test-account-B
Processing Transaction: 8-3 0 10 transaction 3 test-account-A test-account-B
Processing Transaction: 8-4 0 10 transaction 4 test-account-A test-account-B
Processing Transaction: 8-5 0 10 transaction 5 test-account-A test-account-B
Processing Transaction: 8-6 0 10 transaction 6 test-account-A test-account-B
Processing Transaction: 8-7 0 10 transaction 7 test-account-A test-account-B
Processing Transaction: 8-8 0 10 transaction 8 test-account-A test-account-B
Processing Transaction: 8-9 0 10 transaction 9 test-account-A test-account-B
Repetition 8 completed in 2 ms
--- tearDown: cleaning up test ledger ---
]]></system-out>
  </testcase>
  <testcase name="repeatedTest(RepetitionInfo)[9]" classname="com.se300.ledger.complete.CompleteTest" time="0.006">
    <system-out><![CDATA[Setting up...
Creating Ledger: test ledger test-Ledger test-ledger
Creating Account: test-account-A
Creating Account: test-account-B
Processing Transaction: init-transaction-5cd51738-2c7b-43fd-87db-bf31cd8b508f 100 10 Initial test-account-A test-account-B

=== Running repeatedTest (ProcessTransactionLoadTest) repetition 9 ===

Running Repetition 9 of 10
Processing Transaction: 9-1 0 10 transaction 1 test-account-A test-account-B
Processing Transaction: 9-2 0 10 transaction 2 test-account-A test-account-B
Processing Transaction: 9-3 0 10 transaction 3 test-account-A test-account-B
Processing Transaction: 9-4 0 10 transaction 4 test-account-A test-account-B
Processing Transaction: 9-5 0 10 transaction 5 test-account-A test-account-B
Processing Transaction: 9-6 0 10 transaction 6 test-account-A test-account-B
Processing Transaction: 9-7 0 10 transaction 7 test-account-A test-account-B
Processing Transaction: 9-8 0 10 transaction 8 test-account-A test-account-B
Processing Transaction: 9-9 0 10 transaction 9 test-account-A test-account-B
Repetition 9 completed in 2 ms
--- tearDown: cleaning up test ledger ---
]]></system-out>
  </testcase>
  <testcase name="repeatedTest(RepetitionInfo)[10]" classname="com.se300.ledger.complete.CompleteTest" time="0.011">
    <system-out><![CDATA[Setting up...
Creating Ledger: test ledger test-Ledger test-ledger
Creating Account: test-account-A
Creating Account: test-account-B
Processing Transaction: init-transaction-a1f99c37-08cc-4bd9-a449-934ba04f7ab9 100 10 Initial test-account-A test-account-B

=== Running repeatedTest (ProcessTransactionLoadTest) repetition 10 ===

Running Repetition 10 of 10
Processing Transaction: 10-1 0 10 transaction 1 test-account-A test-account-B
Processing Transaction: 10-2 0 10 transaction 2 test-account-A test-account-B
Processing Transaction: 10-3 0 10 transaction 3 test-account-A test-account-B
Processing Transaction: 10-4 0 10 transaction 4 test-account-A test-account-B
Processing Transaction: 10-5 0 10 transaction 5 test-account-A test-account-B
Processing Transaction: 10-6 0 10 transaction 6 test-account-A test-account-B
Processing Transaction: 10-7 0 10 transaction 7 test-account-A test-account-B
Processing Transaction: 10-8 0 10 transaction 8 test-account-A test-account-B
Processing Transaction: 10-9 0 10 transaction 9 test-account-A test-account-B
Repetition 10 completed in 2 ms
--- tearDown: cleaning up test ledger ---
]]></system-out>
  </testcase>
  <testcase name="lifeCycleTest" classname="com.se300.ledger.complete.CompleteTest" time="0.004">
    <system-out><![CDATA[Setting up...
Creating Ledger: test ledger test-Ledger test-ledger
Creating Account: test-account-A
Creating Account: test-account-B
Processing Transaction: init-transaction-5884089c-fe53-42c8-8954-1b7321838ba5 100 10 Initial test-account-A test-account-B

=== Running lifeCycleTest ===

--- tearDown: cleaning up test ledger ---
]]></system-out>
  </testcase>
  <testcase name="parameterizedComplexSourcesTest" classname="com.se300.ledger.complete.CompleteTest" time="0.01">
    <system-out><![CDATA[Setting up...
Creating Ledger: test ledger test-Ledger test-ledger
Creating Account: test-account-A
Creating Account: test-account-B
Processing Transaction: init-transaction-555dd669-1732-4d70-b732-8c4fa7631ee2 100 10 Initial test-account-A test-account-B

=== Running parameterizedComplexSourcesTest ===

--- tearDown: cleaning up test ledger ---
]]></system-out>
  </testcase>
  <testcase name="taggedTest" classname="com.se300.ledger.complete.CompleteTest" time="0.004">
    <system-out><![CDATA[Setting up...
Creating Ledger: test ledger test-Ledger test-ledger
Creating Account: test-account-A
Creating Account: test-account-B
Processing Transaction: init-transaction-b948f021-420d-458d-8841-d2e25abeabcb 100 10 Initial test-account-A test-account-B

=== Running taggedTest ===

--- tearDown: cleaning up test ledger ---
]]></system-out>
  </testcase>
  <testcase name="basicAssertionsTest" classname="com.se300.ledger.complete.CompleteTest" time="0.058">
    <system-out><![CDATA[Setting up...
Creating Ledger: test ledger test-Ledger test-ledger
Creating Account: test-account-A
Creating Account: test-account-B
Processing Transaction: init-transaction-7c1f7755-7094-452a-b670-03d7af51007f 100 10 Initial test-account-A test-account-B

=== Running basicAssertionsTest ===

--- tearDown: cleaning up test ledger ---
]]></system-out>
  </testcase>
  <testcase name="assumptionsTest" classname="com.se300.ledger.complete.CompleteTest" time="0.003">
    <system-out><![CDATA[Setting up...
Creating Ledger: test ledger test-Ledger test-ledger
Creating Account: test-account-A
Creating Account: test-account-B
Processing Transaction: init-transaction-12b74840-dda4-4a6a-9bc6-df1fadde41db 100 10 Initial test-account-A test-account-B

=== Running assumptionsTest ===

--- tearDown: cleaning up test ledger ---
]]></system-out>
  </testcase>
  <testcase name="methodOrderTest" classname="com.se300.ledger.complete.CompleteTest" time="0.005">
    <system-out><![CDATA[Setting up...
Creating Ledger: test ledger test-Ledger test-ledger
Creating Account: test-account-A
Creating Account: test-account-B
Processing Transaction: init-transaction-9210c4e4-70d8-46b5-abfa-82d296da7f27 100 10 Initial test-account-A test-account-B

=== Running methodOrderTest ===

--- tearDown: cleaning up test ledger ---
]]></system-out>
  </testcase>
  <testcase name="parameterizedValueSourcesTest(String)[1]" classname="com.se300.ledger.complete.CompleteTest" time="0.025">
    <system-out><![CDATA[Setting up...
Creating Ledger: test ledger test-Ledger test-ledger
Creating Account: test-account-A
Creating Account: test-account-B
Processing Transaction: init-transaction-a41f2bb3-14b3-485b-a2c9-9a46e184dc19 100 10 Initial test-account-A test-account-B

=== Running parameterizedValueSourcesTest: creating account 'mary' ===

Creating Account: mary
--- tearDown: cleaning up test ledger ---
]]></system-out>
  </testcase>
  <testcase name="parameterizedValueSourcesTest(String)[2]" classname="com.se300.ledger.complete.CompleteTest" time="0.003">
    <system-out><![CDATA[Setting up...
Creating Ledger: test ledger test-Ledger test-ledger
Creating Account: test-account-A
Creating Account: test-account-B
Processing Transaction: init-transaction-2190fe2b-cefc-4f19-a351-ee3f385205bc 100 10 Initial test-account-A test-account-B

=== Running parameterizedValueSourcesTest: creating account 'bob' ===

Creating Account: bob
--- tearDown: cleaning up test ledger ---
]]></system-out>
  </testcase>
  <testcase name="parameterizedValueSourcesTest(String)[3]" classname="com.se300.ledger.complete.CompleteTest" time="0.004">
    <system-out><![CDATA[Setting up...
Creating Ledger: test ledger test-Ledger test-ledger
Creating Account: test-account-A
Creating Account: test-account-B
Processing Transaction: init-transaction-f085a8d6-d513-4f6c-84ae-12307fd7f273 100 10 Initial test-account-A test-account-B

=== Running parameterizedValueSourcesTest: creating account 'bill' ===

Creating Account: bill
--- tearDown: cleaning up test ledger ---
]]></system-out>
  </testcase>
  <testcase name="parameterizedValueSourcesTest(String)[4]" classname="com.se300.ledger.complete.CompleteTest" time="0.002">
    <system-out><![CDATA[Setting up...
Creating Ledger: test ledger test-Ledger test-ledger
Creating Account: test-account-A
Creating Account: test-account-B
Processing Transaction: init-transaction-442fc88b-9a1d-43f0-87fd-849233162fb7 100 10 Initial test-account-A test-account-B

=== Running parameterizedValueSourcesTest: creating account 'frank' ===

Creating Account: frank
--- tearDown: cleaning up test ledger ---
]]></system-out>
  </testcase>
  <testcase name="parameterizedValueSourcesTest(String)[5]" classname="com.se300.ledger.complete.CompleteTest" time="0.004">
    <system-out><![CDATA[Setting up...
Creating Ledger: test ledger test-Ledger test-ledger
Creating Account: test-account-A
Creating Account: test-account-B
Processing Transaction: init-transaction-fe157908-b348-4211-a0ae-acbdafb91130 100 10 Initial test-account-A test-account-B

=== Running parameterizedValueSourcesTest: creating account 'jane' ===

Creating Account: jane
--- tearDown: cleaning up test ledger ---
]]></system-out>
  </testcase>
  <testcase name="conditionalTest" classname="com.se300.ledger.complete.CompleteTest" time="0.004">
    <system-out><![CDATA[Setting up...
Creating Ledger: test ledger test-Ledger test-ledger
Creating Account: test-account-A
Creating Account: test-account-B
Processing Transaction: init-transaction-4048002f-78d4-472a-b510-795910c09eaf 100 10 Initial test-account-A test-account-B

=== Running conditionalTest ===

--- tearDown: cleaning up test ledger ---
]]></system-out>
  </testcase>
  <testcase name="advancedAssertionsTest" classname="com.se300.ledger.complete.CompleteTest" time="0.033">
    <system-out><![CDATA[Setting up...
Creating Ledger: test ledger test-Ledger test-ledger
Creating Account: test-account-A
Creating Account: test-account-B
Processing Transaction: init-transaction-554e38d4-fc77-418f-9628-af82539aac91 100 10 Initial test-account-A test-account-B

=== Running advancedAssertionsTest ===

Processing: createAccount for address: test-account-A
Throwing Exception: Account already exists for address: test-account-A
Processing Transaction: maximum value -2147483648 10 max int maximumPay maxReciever
--- tearDown: cleaning up test ledger ---
]]></system-out>
  </testcase>
  <testcase name="mockArgumentMatchersTest" classname="com.se300.ledger.complete.CompleteTest" time="0.005">
    <system-out><![CDATA[Setting up...
Creating Ledger: test ledger test-Ledger test-ledger
Creating Account: test-account-A
Creating Account: test-account-B
Processing Transaction: init-transaction-bb50ff7e-1b1b-4972-af3f-f8e5e39da755 100 10 Initial test-account-A test-account-B

=== Running mockArgumentMatchersTest ===

--- tearDown: cleaning up test ledger ---
]]></system-out>
  </testcase>
  <testcase name="mockVerificationTest" classname="com.se300.ledger.complete.CompleteTest" time="0.004">
    <system-out><![CDATA[Setting up...
Creating Ledger: test ledger test-Ledger test-ledger
Creating Account: test-account-A
Creating Account: test-account-B
Processing Transaction: init-transaction-c93b3b26-51d8-475f-a80a-778cca47ae90 100 10 Initial test-account-A test-account-B

=== Running mockVerificationTest ===

--- tearDown: cleaning up test ledger ---
]]></system-out>
  </testcase>
</testsuite>